apiVersion: v1
kind: Namespace
metadata:
  labels:
    control-plane: controller-manager
    openshift.io/cluster-monitoring: "true"
  name: release-service
---
apiVersion: apiextensions.k8s.io/v1
kind: CustomResourceDefinition
metadata:
  annotations:
    controller-gen.kubebuilder.io/version: v0.8.0
  name: releaseplanadmissions.appstudio.redhat.com
spec:
  conversion:
    strategy: Webhook
    webhook:
      clientConfig:
        service:
          name: release-service-webhook-service
          namespace: release-service
          path: /convert
      conversionReviewVersions:
      - v1
  group: appstudio.redhat.com
  names:
    kind: ReleasePlanAdmission
    listKind: ReleasePlanAdmissionList
    plural: releaseplanadmissions
    singular: releaseplanadmission
  scope: Namespaced
  versions:
  - additionalPrinterColumns:
    - jsonPath: .spec.displayName
      name: Display Name
      priority: 1
      type: string
    - jsonPath: .spec.application
      name: Application
      type: string
    - jsonPath: .spec.environment
      name: Environment
      type: string
    - jsonPath: .spec.releaseStrategy
      name: Strategy
      type: string
    - jsonPath: .spec.origin
      name: Origin
      type: string
    name: v1alpha1
    schema:
      openAPIV3Schema:
        description: ReleasePlanAdmission is the Schema for the ReleasePlanAdmissions
          API.
        properties:
          apiVersion:
            description: 'APIVersion defines the versioned schema of this representation
              of an object. Servers should convert recognized schemas to the latest
              internal value, and may reject unrecognized values. More info: https://git.k8s.io/community/contributors/devel/sig-architecture/api-conventions.md#resources'
            type: string
          kind:
            description: 'Kind is a string value representing the REST resource this
              object represents. Servers may infer this from the endpoint the client
              submits requests to. Cannot be updated. In CamelCase. More info: https://git.k8s.io/community/contributors/devel/sig-architecture/api-conventions.md#types-kinds'
            type: string
          metadata:
            type: object
          spec:
            description: ReleasePlanAdmissionSpec defines the desired state of ReleasePlanAdmission.
            properties:
              application:
                description: Application is a reference to the application to be released
                  in the managed namespace
                pattern: ^[a-z0-9]([-a-z0-9]*[a-z0-9])?$
                type: string
              displayName:
                description: DisplayName is the long name of the ReleasePlanAdmission
                type: string
              environment:
                description: Environment defines which Environment will be used to
                  release the application
                pattern: ^[a-z0-9]([-a-z0-9]*[a-z0-9])?$
                type: string
              origin:
                description: Origin references where the release requests should come
                  from
                pattern: ^[a-z0-9]([-a-z0-9]*[a-z0-9])?$
                type: string
              releaseStrategy:
                description: Release Strategy defines which strategy will be used
                  to release the application
                pattern: ^[a-z0-9]([-a-z0-9]*[a-z0-9])?$
                type: string
            required:
            - application
            - origin
            - releaseStrategy
            type: object
          status:
            description: ReleasePlanAdmissionStatus defines the observed state of
              ReleasePlanAdmission.
            type: object
        type: object
    served: true
    storage: true
    subresources:
      status: {}
status:
  acceptedNames:
    kind: ""
    plural: ""
  conditions: []
  storedVersions: []
---
apiVersion: apiextensions.k8s.io/v1
kind: CustomResourceDefinition
metadata:
  annotations:
    controller-gen.kubebuilder.io/version: v0.8.0
  name: releaseplans.appstudio.redhat.com
spec:
  conversion:
    strategy: Webhook
    webhook:
      clientConfig:
        service:
          name: release-service-webhook-service
          namespace: release-service
          path: /convert
      conversionReviewVersions:
      - v1
  group: appstudio.redhat.com
  names:
    kind: ReleasePlan
    listKind: ReleasePlanList
    plural: releaseplans
    singular: releaseplan
  scope: Namespaced
  versions:
  - additionalPrinterColumns:
    - jsonPath: .spec.displayName
      name: Display Name
      priority: 1
      type: string
    - jsonPath: .spec.application
      name: Application
      type: string
    - jsonPath: .spec.target
      name: Target
      type: string
    name: v1alpha1
    schema:
      openAPIV3Schema:
        description: ReleasePlan is the Schema for the ReleasePlans API.
        properties:
          apiVersion:
            description: 'APIVersion defines the versioned schema of this representation
              of an object. Servers should convert recognized schemas to the latest
              internal value, and may reject unrecognized values. More info: https://git.k8s.io/community/contributors/devel/sig-architecture/api-conventions.md#resources'
            type: string
          kind:
            description: 'Kind is a string value representing the REST resource this
              object represents. Servers may infer this from the endpoint the client
              submits requests to. Cannot be updated. In CamelCase. More info: https://git.k8s.io/community/contributors/devel/sig-architecture/api-conventions.md#types-kinds'
            type: string
          metadata:
            type: object
          spec:
            description: ReleasePlanSpec defines the desired state of ReleasePlan.
            properties:
              application:
                description: Application is a reference to the application to be released
                  in the managed namespace
                pattern: ^[a-z0-9]([-a-z0-9]*[a-z0-9])?$
                type: string
              displayName:
                description: DisplayName is the long name of the ReleasePlan
                type: string
              target:
                description: Target references where to send the release requests
                pattern: ^[a-z0-9]([-a-z0-9]*[a-z0-9])?$
                type: string
            required:
            - application
            - target
            type: object
          status:
            description: ReleasePlanStatus defines the observed state of ReleasePlan.
            type: object
        type: object
    served: true
    storage: true
    subresources:
      status: {}
status:
  acceptedNames:
    kind: ""
    plural: ""
  conditions: []
  storedVersions: []
---
apiVersion: apiextensions.k8s.io/v1
kind: CustomResourceDefinition
metadata:
  annotations:
    controller-gen.kubebuilder.io/version: v0.8.0
  creationTimestamp: null
  name: releases.appstudio.redhat.com
spec:
  group: appstudio.redhat.com
  names:
    kind: Release
    listKind: ReleaseList
    plural: releases
    singular: release
  scope: Namespaced
  versions:
  - additionalPrinterColumns:
    - jsonPath: .spec.snapshot
      name: Snapshot
      type: string
    - jsonPath: .status.conditions[?(@.type=="Succeeded")].status
      name: Succeeded
      type: string
    - jsonPath: .status.conditions[?(@.type=="Succeeded")].reason
      name: Reason
      type: string
    - jsonPath: .status.releasePipelineRun
      name: PipelineRun
      priority: 1
      type: string
    - jsonPath: .status.startTime
      name: Start Time
      priority: 1
      type: date
    - jsonPath: .status.completionTime
      name: Completion Time
      priority: 1
      type: date
    - jsonPath: .metadata.creationTimestamp
      name: Age
      type: date
    name: v1alpha1
    schema:
      openAPIV3Schema:
        description: Release is the Schema for the releases API
        properties:
          apiVersion:
            description: 'APIVersion defines the versioned schema of this representation
              of an object. Servers should convert recognized schemas to the latest
              internal value, and may reject unrecognized values. More info: https://git.k8s.io/community/contributors/devel/sig-architecture/api-conventions.md#resources'
            type: string
          kind:
            description: 'Kind is a string value representing the REST resource this
              object represents. Servers may infer this from the endpoint the client
              submits requests to. Cannot be updated. In CamelCase. More info: https://git.k8s.io/community/contributors/devel/sig-architecture/api-conventions.md#types-kinds'
            type: string
          metadata:
            type: object
          spec:
            description: ReleaseSpec defines the desired state of Release.
            properties:
              releasePlan:
                description: ReleasePlan to use for this particular Release
                pattern: ^[a-z0-9]([-a-z0-9]*[a-z0-9])?$
                type: string
              snapshot:
                description: Snapshot to be released
                pattern: ^[a-z0-9]([-a-z0-9]*[a-z0-9])?$
                type: string
            required:
            - releasePlan
            - snapshot
            type: object
          status:
            description: ReleaseStatus defines the observed state of Release.
            properties:
              completionTime:
                description: CompletionTime is the time the Release PipelineRun completed
                format: date-time
                type: string
              conditions:
                description: Conditions represent the latest available observations
                  for the release
                items:
                  description: "Condition contains details for one aspect of the current
                    state of this API Resource. --- This struct is intended for direct
                    use as an array at the field path .status.conditions.  For example,
                    \n type FooStatus struct{ // Represents the observations of a
                    foo's current state. // Known .status.conditions.type are: \"Available\",
                    \"Progressing\", and \"Degraded\" // +patchMergeKey=type // +patchStrategy=merge
                    // +listType=map // +listMapKey=type Conditions []metav1.Condition
                    `json:\"conditions,omitempty\" patchStrategy:\"merge\" patchMergeKey:\"type\"
                    protobuf:\"bytes,1,rep,name=conditions\"` \n // other fields }"
                  properties:
                    lastTransitionTime:
                      description: lastTransitionTime is the last time the condition
                        transitioned from one status to another. This should be when
                        the underlying condition changed.  If that is not known, then
                        using the time when the API field changed is acceptable.
                      format: date-time
                      type: string
                    message:
                      description: message is a human readable message indicating
                        details about the transition. This may be an empty string.
                      maxLength: 32768
                      type: string
                    observedGeneration:
                      description: observedGeneration represents the .metadata.generation
                        that the condition was set based upon. For instance, if .metadata.generation
                        is currently 12, but the .status.conditions[x].observedGeneration
                        is 9, the condition is out of date with respect to the current
                        state of the instance.
                      format: int64
                      minimum: 0
                      type: integer
                    reason:
                      description: reason contains a programmatic identifier indicating
                        the reason for the condition's last transition. Producers
                        of specific condition types may define expected values and
                        meanings for this field, and whether the values are considered
                        a guaranteed API. The value should be a CamelCase string.
                        This field may not be empty.
                      maxLength: 1024
                      minLength: 1
                      pattern: ^[A-Za-z]([A-Za-z0-9_,:]*[A-Za-z0-9_])?$
                      type: string
                    status:
                      description: status of the condition, one of True, False, Unknown.
                      enum:
                      - "True"
                      - "False"
                      - Unknown
                      type: string
                    type:
                      description: type of condition in CamelCase or in foo.example.com/CamelCase.
                        --- Many .condition.type values are consistent across resources
                        like Available, but because arbitrary conditions can be useful
                        (see .node.status.conditions), the ability to deconflict is
                        important. The regex it matches is (dns1123SubdomainFmt/)?(qualifiedNameFmt)
                      maxLength: 316
                      pattern: ^([a-z0-9]([-a-z0-9]*[a-z0-9])?(\.[a-z0-9]([-a-z0-9]*[a-z0-9])?)*/)?(([A-Za-z0-9][-A-Za-z0-9_.]*)?[A-Za-z0-9])$
                      type: string
                  required:
                  - lastTransitionTime
                  - message
                  - reason
                  - status
                  - type
                  type: object
                type: array
              releasePipelineRun:
                description: ReleasePipelineRun contains the namespaced name of the
                  release PipelineRun executed as part of this release
                pattern: ^[a-z0-9]([-a-z0-9]*[a-z0-9])?\/[a-z0-9]([-a-z0-9]*[a-z0-9])?$
                type: string
              releaseStrategy:
                description: ReleaseStrategy contains the namespaced name of the ReleaseStrategy
                  used for this release
                pattern: ^[a-z0-9]([-a-z0-9]*[a-z0-9])?\/[a-z0-9]([-a-z0-9]*[a-z0-9])?$
                type: string
              snapshotEnvironmentBinding:
                description: SnapshotEnvironmentBinding contains the namespaced name
                  of the SnapshotEnvironmentBinding created as part of this release
                pattern: ^[a-z0-9]([-a-z0-9]*[a-z0-9])?\/[a-z0-9]([-a-z0-9]*[a-z0-9])?$
                type: string
              startTime:
                description: StartTime is the time when the Release PipelineRun was
                  created and set to run
                format: date-time
                type: string
              target:
                description: Target references where this release is intended to be
                  released to
                pattern: ^[a-z0-9]([-a-z0-9]*[a-z0-9])?$
                type: string
            type: object
        type: object
    served: true
    storage: true
    subresources:
      status: {}
status:
  acceptedNames:
    kind: ""
    plural: ""
  conditions: []
  storedVersions: []
---
apiVersion: apiextensions.k8s.io/v1
kind: CustomResourceDefinition
metadata:
  annotations:
    controller-gen.kubebuilder.io/version: v0.8.0
  creationTimestamp: null
  name: releasestrategies.appstudio.redhat.com
spec:
  group: appstudio.redhat.com
  names:
    kind: ReleaseStrategy
    listKind: ReleaseStrategyList
    plural: releasestrategies
    singular: releasestrategy
  scope: Namespaced
  versions:
  - name: v1alpha1
    schema:
      openAPIV3Schema:
        description: ReleaseStrategy is the Schema for the releasestrategies API
        properties:
          apiVersion:
            description: 'APIVersion defines the versioned schema of this representation
              of an object. Servers should convert recognized schemas to the latest
              internal value, and may reject unrecognized values. More info: https://git.k8s.io/community/contributors/devel/sig-architecture/api-conventions.md#resources'
            type: string
          kind:
            description: 'Kind is a string value representing the REST resource this
              object represents. Servers may infer this from the endpoint the client
              submits requests to. Cannot be updated. In CamelCase. More info: https://git.k8s.io/community/contributors/devel/sig-architecture/api-conventions.md#types-kinds'
            type: string
          metadata:
            type: object
          spec:
            description: ReleaseStrategySpec defines the desired state of ReleaseStrategy
            properties:
              bundle:
                description: Bundle is a reference to the Tekton bundle where to find
                  the pipeline
                type: string
              params:
                description: Params to pass to the pipeline
                items:
                  description: Params holds the definition of a parameter that should
                    be passed to the release Pipeline
                  properties:
                    name:
                      description: Name is the name of the parameter
                      type: string
                    value:
                      description: Value is the string value of the parameter
                      type: string
                    values:
                      description: Values is a list of values for the parameter
                      items:
                        type: string
                      type: array
                  required:
                  - name
                  type: object
                type: array
              persistentVolumeClaim:
                description: PersistentVolumeClaim is the pvc to use in the Release
                  pipeline namespace
                pattern: ^[a-z0-9]([-a-z0-9]*[a-z0-9])?$
                type: string
              pipeline:
                description: Release Tekton Pipeline to execute
                pattern: ^[a-z0-9]([-a-z0-9]*[a-z0-9])?$
                type: string
              policy:
                description: Policy to validate before releasing an artifact
                pattern: ^[a-z0-9]([-a-z0-9]*[a-z0-9])?$
                type: string
              serviceAccount:
                description: ServiceAccount is the name of the service account to
                  use in the release PipelineRun to gain elevated privileges
                pattern: ^[a-z0-9]([-a-z0-9]*[a-z0-9])?$
                type: string
            required:
            - pipeline
            - policy
            type: object
          status:
            description: ReleaseStrategyStatus defines the observed state of ReleaseStrategy
            type: object
        type: object
    served: true
    storage: true
    subresources:
      status: {}
status:
  acceptedNames:
    kind: ""
    plural: ""
  conditions: []
  storedVersions: []
---
apiVersion: v1
kind: ServiceAccount
metadata:
  name: release-service-controller-manager
  namespace: release-service
---
apiVersion: rbac.authorization.k8s.io/v1
kind: Role
metadata:
  name: release-service-leader-election-role
  namespace: release-service
rules:
- apiGroups:
  - ""
  resources:
  - configmaps
  verbs:
  - get
  - list
  - watch
  - create
  - update
  - patch
  - delete
- apiGroups:
  - coordination.k8s.io
  resources:
  - leases
  verbs:
  - get
  - list
  - watch
  - create
  - update
  - patch
  - delete
- apiGroups:
  - ""
  resources:
  - events
  verbs:
  - create
  - patch
---
apiVersion: rbac.authorization.k8s.io/v1
kind: ClusterRole
metadata:
  name: crd-manager-for-release
rules:
- apiGroups:
  - apiextensions.k8s.io
  resources:
  - customresourcedefinitions
  verbs:
  - patch
  - get
  - list
  - create
  - get
---
apiVersion: rbac.authorization.k8s.io/v1
kind: ClusterRole
metadata:
  labels:
    rbac.authorization.k8s.io/aggregate-to-view: "true"
  name: release-service-application-role
rules:
- apiGroups:
  - appstudio.redhat.com
  resources:
  - applications
  verbs:
  - get
  - list
  - watch
- apiGroups:
  - appstudio.redhat.com
  resources:
  - applications/status
  verbs:
  - get
---
apiVersion: rbac.authorization.k8s.io/v1
kind: ClusterRole
metadata:
  labels:
    rbac.authorization.k8s.io/aggregate-to-view: "true"
  name: release-service-component-role
rules:
- apiGroups:
  - appstudio.redhat.com
  resources:
  - components
  verbs:
  - get
  - list
  - watch
- apiGroups:
  - appstudio.redhat.com
  resources:
  - components/status
  verbs:
  - get
---
apiVersion: rbac.authorization.k8s.io/v1
kind: ClusterRole
metadata:
  name: release-service-environment-viewer-role
rules:
- apiGroups:
  - appstudio.redhat.com
  resources:
  - environments
  verbs:
  - get
  - list
  - watch
- apiGroups:
  - appstudio.redhat.com
  resources:
  - environments/status
  verbs:
  - get
---
apiVersion: rbac.authorization.k8s.io/v1
kind: ClusterRole
metadata:
  creationTimestamp: null
  name: release-service-manager-role
rules:
- apiGroups:
  - appstudio.redhat.com
  resources:
  - applications/finalizers
  verbs:
  - update
- apiGroups:
  - appstudio.redhat.com
  resources:
  - enterprisecontractpolicies
  verbs:
  - get
  - list
  - watch
- apiGroups:
  - appstudio.redhat.com
  resources:
  - enterprisecontractpolicies/status
  verbs:
  - get
- apiGroups:
  - appstudio.redhat.com
  resources:
  - releases
  verbs:
  - create
  - delete
  - get
  - list
  - patch
  - update
  - watch
- apiGroups:
  - appstudio.redhat.com
  resources:
  - releases/finalizers
  verbs:
  - update
- apiGroups:
  - appstudio.redhat.com
  resources:
  - releases/status
  verbs:
  - get
  - patch
  - update
---
apiVersion: rbac.authorization.k8s.io/v1
kind: ClusterRole
metadata:
  name: release-service-metrics-reader
rules:
- nonResourceURLs:
  - /metrics
  verbs:
  - get
---
apiVersion: rbac.authorization.k8s.io/v1
kind: ClusterRole
metadata:
  name: release-service-prometheus-viewer-role
rules:
- apiGroups:
  - ""
  resources:
  - nodes
  - nodes/metrics
  - services
  - endpoints
  - pods
  verbs:
  - get
  - list
  - watch
---
apiVersion: rbac.authorization.k8s.io/v1
kind: ClusterRole
metadata:
  name: release-service-proxy-role
rules:
- apiGroups:
  - authentication.k8s.io
  resources:
  - tokenreviews
  verbs:
  - create
- apiGroups:
  - authorization.k8s.io
  resources:
  - subjectaccessreviews
  verbs:
  - create
---
apiVersion: rbac.authorization.k8s.io/v1
kind: ClusterRole
metadata:
  name: release-service-release-editor-role
rules:
- apiGroups:
  - appstudio.redhat.com
  resources:
  - releases
  verbs:
  - create
  - delete
  - get
  - list
  - patch
  - update
  - watch
- apiGroups:
  - appstudio.redhat.com
  resources:
  - releases/status
  verbs:
  - get
---
apiVersion: rbac.authorization.k8s.io/v1
kind: ClusterRole
metadata:
  name: release-service-release-viewer-role
rules:
- apiGroups:
  - appstudio.redhat.com
  resources:
  - releases
  verbs:
  - get
  - list
  - watch
- apiGroups:
  - appstudio.redhat.com
  resources:
  - releases/status
  verbs:
  - get
---
apiVersion: rbac.authorization.k8s.io/v1
kind: ClusterRole
metadata:
  name: release-service-releaseplan-editor-role
rules:
- apiGroups:
  - appstudio.redhat.com
  resources:
  - releaseplans
  verbs:
  - create
  - delete
  - get
  - list
  - patch
  - update
  - watch
- apiGroups:
  - appstudio.redhat.com
  resources:
  - releaseplans/status
  verbs:
  - get
---
apiVersion: rbac.authorization.k8s.io/v1
kind: ClusterRole
metadata:
  name: release-service-releaseplan-viewer-role
rules:
- apiGroups:
  - appstudio.redhat.com
  resources:
  - releaseplans
  verbs:
  - get
  - list
  - watch
- apiGroups:
  - appstudio.redhat.com
  resources:
  - releaseplans/status
  verbs:
  - get
---
apiVersion: rbac.authorization.k8s.io/v1
kind: ClusterRole
metadata:
  name: release-service-releaseplanadmission-editor-role
rules:
- apiGroups:
  - appstudio.redhat.com
  resources:
  - releaseplanadmissions
  verbs:
  - create
  - delete
  - get
  - list
  - patch
  - update
  - watch
- apiGroups:
  - appstudio.redhat.com
  resources:
  - releaseplanadmissions/status
  verbs:
  - get
---
apiVersion: rbac.authorization.k8s.io/v1
kind: ClusterRole
metadata:
  name: release-service-releaseplanadmission-viewer-role
rules:
- apiGroups:
  - appstudio.redhat.com
  resources:
  - releaseplanadmissions
  verbs:
  - get
  - list
  - watch
- apiGroups:
  - appstudio.redhat.com
  resources:
  - releaseplanadmissions/status
  verbs:
  - get
---
apiVersion: rbac.authorization.k8s.io/v1
kind: ClusterRole
metadata:
  name: release-service-releasestrategy-editor-role
rules:
- apiGroups:
  - appstudio.redhat.com
  resources:
  - releasestrategies
  verbs:
  - create
  - delete
  - get
  - list
  - patch
  - update
  - watch
- apiGroups:
  - appstudio.redhat.com
  resources:
  - releasestrategies/status
  verbs:
  - get
---
apiVersion: rbac.authorization.k8s.io/v1
kind: ClusterRole
metadata:
  name: release-service-releasestrategy-viewer-role
rules:
- apiGroups:
  - appstudio.redhat.com
  resources:
  - releasestrategies
  verbs:
  - get
  - list
  - watch
- apiGroups:
  - appstudio.redhat.com
  resources:
  - releasestrategies/status
  verbs:
  - get
---
apiVersion: rbac.authorization.k8s.io/v1
kind: ClusterRole
metadata:
  name: release-service-snapshot-editor-role
rules:
- apiGroups:
  - appstudio.redhat.com
  resources:
  - snapshots
  verbs:
  - create
  - delete
  - get
  - list
  - patch
  - update
  - watch
- apiGroups:
  - appstudio.redhat.com
  resources:
  - snapshots/status
  verbs:
  - get
---
apiVersion: rbac.authorization.k8s.io/v1
kind: ClusterRole
metadata:
  name: release-service-snapshot-viewer-role
rules:
- apiGroups:
  - appstudio.redhat.com
  resources:
  - snapshots
  verbs:
  - get
  - list
  - watch
- apiGroups:
  - appstudio.redhat.com
  resources:
  - snapshots/status
  verbs:
  - get
---
apiVersion: rbac.authorization.k8s.io/v1
kind: ClusterRole
metadata:
  name: release-service-snapshotenvironmentbinding-editor-role
rules:
- apiGroups:
  - appstudio.redhat.com
  resources:
  - snapshotenvironmentbindings
  verbs:
  - create
  - delete
  - get
  - list
  - patch
  - update
  - watch
- apiGroups:
  - appstudio.redhat.com
  resources:
  - snapshotenvironmentbindings/status
  verbs:
  - get
---
apiVersion: rbac.authorization.k8s.io/v1
kind: ClusterRole
metadata:
  name: release-service-tekton-role
rules:
- apiGroups:
  - tekton.dev
  resources:
  - pipelineruns
  verbs:
  - create
  - delete
  - deletecollection
  - get
  - list
  - patch
  - update
  - watch
- apiGroups:
  - triggers.tekton.dev
  resources:
  - eventlisteners
  - triggers
  - triggertemplates
  verbs:
  - create
  - update
  - patch
  - delete
  - watch
  - list
- apiGroups:
  - ""
  resources:
  - persistentvolumeclaims
  - persistentvolumeclaims/status
  verbs:
  - get
  - list
  - create
  - watch
- apiGroups:
  - route.openshift.io
  resources:
  - routes
  verbs:
  - get
  - list
  - create
  - watch
---
apiVersion: rbac.authorization.k8s.io/v1
kind: RoleBinding
metadata:
  name: grant-argocd
  namespace: release-service
roleRef:
  apiGroup: rbac.authorization.k8s.io
  kind: ClusterRole
  name: admin
subjects:
- kind: ServiceAccount
  name: openshift-gitops-argocd-application-controller
  namespace: openshift-gitops
---
apiVersion: rbac.authorization.k8s.io/v1
kind: RoleBinding
metadata:
  name: release-service-leader-election-rolebinding
  namespace: release-service
roleRef:
  apiGroup: rbac.authorization.k8s.io
  kind: Role
  name: release-service-leader-election-role
subjects:
- kind: ServiceAccount
  name: release-service-controller-manager
  namespace: release-service
---
apiVersion: rbac.authorization.k8s.io/v1
kind: ClusterRoleBinding
metadata:
  name: grant-argocd-crd-permissions-for-release
roleRef:
  apiGroup: rbac.authorization.k8s.io
  kind: ClusterRole
  name: crd-manager-for-release
subjects:
- kind: ServiceAccount
  name: openshift-gitops-argocd-application-controller
  namespace: openshift-gitops
---
apiVersion: rbac.authorization.k8s.io/v1
kind: ClusterRoleBinding
metadata:
  name: release-service-application-role-binding
roleRef:
  apiGroup: rbac.authorization.k8s.io
  kind: ClusterRole
  name: release-service-application-role
subjects:
- kind: ServiceAccount
  name: release-service-controller-manager
  namespace: release-service
---
apiVersion: rbac.authorization.k8s.io/v1
kind: ClusterRoleBinding
metadata:
  name: release-service-component-role-binding
roleRef:
  apiGroup: rbac.authorization.k8s.io
  kind: ClusterRole
  name: release-service-component-role
subjects:
- kind: ServiceAccount
  name: release-service-controller-manager
  namespace: release-service
---
apiVersion: rbac.authorization.k8s.io/v1
kind: ClusterRoleBinding
metadata:
  name: release-service-environment-role-binding
roleRef:
  apiGroup: rbac.authorization.k8s.io
  kind: ClusterRole
  name: release-service-environment-viewer-role
subjects:
- kind: ServiceAccount
  name: release-service-controller-manager
  namespace: release-service
---
apiVersion: rbac.authorization.k8s.io/v1
kind: ClusterRoleBinding
metadata:
  name: release-service-manager-rolebinding
roleRef:
  apiGroup: rbac.authorization.k8s.io
  kind: ClusterRole
  name: release-service-manager-role
subjects:
- kind: ServiceAccount
  name: release-service-controller-manager
  namespace: release-service
---
apiVersion: rbac.authorization.k8s.io/v1
kind: ClusterRoleBinding
metadata:
  name: release-service-prometheus-role-binding
roleRef:
  apiGroup: rbac.authorization.k8s.io
  kind: ClusterRole
  name: release-service-prometheus-viewer-role
subjects:
- kind: ServiceAccount
  name: prometheus-k8s
  namespace: openshift-monitoring
---
apiVersion: rbac.authorization.k8s.io/v1
kind: ClusterRoleBinding
metadata:
  name: release-service-proxy-rolebinding
roleRef:
  apiGroup: rbac.authorization.k8s.io
  kind: ClusterRole
  name: release-service-proxy-role
subjects:
- kind: ServiceAccount
  name: release-service-controller-manager
  namespace: release-service
---
apiVersion: rbac.authorization.k8s.io/v1
kind: ClusterRoleBinding
metadata:
  name: release-service-release-role-binding
roleRef:
  apiGroup: rbac.authorization.k8s.io
  kind: ClusterRole
  name: release-service-release-viewer-role
subjects:
- kind: ServiceAccount
  name: release-service-controller-manager
  namespace: release-service
---
apiVersion: rbac.authorization.k8s.io/v1
kind: ClusterRoleBinding
metadata:
  name: release-service-releaseplan-role-binding
roleRef:
  apiGroup: rbac.authorization.k8s.io
  kind: ClusterRole
  name: release-service-releaseplan-viewer-role
subjects:
- kind: ServiceAccount
  name: release-service-controller-manager
  namespace: release-service
---
apiVersion: rbac.authorization.k8s.io/v1
kind: ClusterRoleBinding
metadata:
  name: release-service-releaseplanadmission-role-binding
roleRef:
  apiGroup: rbac.authorization.k8s.io
  kind: ClusterRole
  name: release-service-releaseplanadmission-viewer-role
subjects:
- kind: ServiceAccount
  name: release-service-controller-manager
  namespace: release-service
---
apiVersion: rbac.authorization.k8s.io/v1
kind: ClusterRoleBinding
metadata:
  name: release-service-releasestrategy-role-binding
roleRef:
  apiGroup: rbac.authorization.k8s.io
  kind: ClusterRole
  name: release-service-releasestrategy-viewer-role
subjects:
- kind: ServiceAccount
  name: release-service-controller-manager
  namespace: release-service
---
apiVersion: rbac.authorization.k8s.io/v1
kind: ClusterRoleBinding
metadata:
  name: release-service-snapshot-role-binding
roleRef:
  apiGroup: rbac.authorization.k8s.io
  kind: ClusterRole
  name: release-service-snapshot-editor-role
subjects:
- kind: ServiceAccount
  name: release-service-controller-manager
  namespace: release-service
---
apiVersion: rbac.authorization.k8s.io/v1
kind: ClusterRoleBinding
metadata:
  name: release-service-snapshotenvironmentbinding-role-binding
roleRef:
  apiGroup: rbac.authorization.k8s.io
  kind: ClusterRole
  name: release-service-snapshotenvironmentbinding-editor-role
subjects:
- kind: ServiceAccount
  name: release-service-controller-manager
  namespace: release-service
---
apiVersion: rbac.authorization.k8s.io/v1
kind: ClusterRoleBinding
metadata:
  name: release-service-tekton-role-binding
roleRef:
  apiGroup: rbac.authorization.k8s.io
  kind: ClusterRole
  name: release-service-tekton-role
subjects:
- kind: ServiceAccount
  name: release-service-controller-manager
  namespace: release-service
---
apiVersion: v1
data:
  release-attempts.json: |2

    {
      "annotations": {
        "list": [
          {
            "builtIn": 1,
            "datasource": {
              "type": "grafana",
              "uid": "-- Grafana --"
            },
            "enable": true,
            "hide": true,
            "iconColor": "rgba(0, 211, 255, 1)",
            "name": "Annotations & Alerts",
            "target": {
              "limit": 100,
              "matchAny": false,
              "tags": [],
              "type": "dashboard"
            },
            "type": "dashboard"
          }
        ]
      },
      "editable": true,
      "fiscalYearStartMonth": 0,
      "graphTooltip": 0,
      "id": 10,
      "links": [],
      "liveNow": false,
      "panels": [
        {
          "datasource": {
            "type": "prometheus",
            "uid": "PF224BEF3374A25F8"
          },
          "description": "Total number of releases processed by the operator",
          "fieldConfig": {
            "defaults": {
              "color": {
                "mode": "thresholds"
              },
              "mappings": [],
              "thresholds": {
                "mode": "absolute",
                "steps": [
                  {
                    "color": "green",
                    "value": null
                  }
                ]
              }
            },
            "overrides": []
          },
          "gridPos": {
            "h": 5,
            "w": 5,
            "x": 0,
            "y": 0
          },
          "id": 10,
          "options": {
            "colorMode": "value",
            "graphMode": "none",
            "justifyMode": "auto",
            "orientation": "auto",
            "reduceOptions": {
              "calcs": [
                "lastNotNull"
              ],
              "fields": "",
              "values": false
            },
            "textMode": "auto"
          },
          "pluginVersion": "9.1.6",
          "targets": [
            {
              "datasource": {
                "type": "prometheus",
                "uid": "PF224BEF3374A25F8"
              },
              "editorMode": "code",
              "expr": "release_attempt_total",
              "legendFormat": "__auto",
              "range": true,
              "refId": "A"
            }
          ],
          "title": "Total number of releases",
          "type": "stat"
        },
        {
          "datasource": {
            "type": "prometheus",
            "uid": "PF224BEF3374A25F8"
          },
          "description": "Total number of releases processed by the operator",
          "fieldConfig": {
            "defaults": {
              "color": {
                "fixedColor": "red",
                "mode": "fixed"
              },
              "mappings": [],
              "min": 0,
              "thresholds": {
                "mode": "absolute",
                "steps": [
                  {
                    "color": "semi-dark-red",
                    "value": null
                  }
                ]
              },
              "unit": "none"
            },
            "overrides": []
          },
          "gridPos": {
            "h": 5,
            "w": 5,
            "x": 5,
            "y": 0
          },
          "id": 12,
          "options": {
            "colorMode": "value",
            "graphMode": "none",
            "justifyMode": "auto",
            "orientation": "auto",
            "reduceOptions": {
              "calcs": [
                "lastNotNull"
              ],
              "fields": "",
              "values": false
            },
            "textMode": "auto"
          },
          "pluginVersion": "9.1.6",
          "targets": [
            {
              "datasource": {
                "type": "prometheus",
                "uid": "PF224BEF3374A25F8"
              },
              "editorMode": "code",
              "expr": "release_attempt_total{succeeded=\"false\"}",
              "legendFormat": "__auto",
              "range": true,
              "refId": "A"
            }
          ],
          "title": "Total number failed releases",
          "type": "stat"
        },
        {
          "datasource": {
            "type": "prometheus",
            "uid": "PF224BEF3374A25F8"
          },
          "description": "Total number of concurrent release attempts",
          "fieldConfig": {
            "defaults": {
              "color": {
                "mode": "thresholds"
              },
              "mappings": [],
              "thresholds": {
                "mode": "absolute",
                "steps": [
                  {
                    "color": "green",
                    "value": null
                  },
                  {
                    "color": "red",
                    "value": 80
                  }
                ]
              }
            },
            "overrides": []
          },
          "gridPos": {
            "h": 5,
            "w": 4,
            "x": 10,
            "y": 0
          },
          "id": 2,
          "options": {
            "colorMode": "value",
            "graphMode": "none",
            "justifyMode": "auto",
            "orientation": "auto",
            "reduceOptions": {
              "calcs": [
                "lastNotNull"
              ],
              "fields": "",
              "values": false
            },
            "textMode": "auto"
          },
          "pluginVersion": "9.1.6",
          "targets": [
            {
              "datasource": {
                "type": "prometheus",
                "uid": "PF224BEF3374A25F8"
              },
              "editorMode": "code",
              "expr": "sum(release_attempt_concurrent_requests)",
              "legendFormat": "__auto",
              "range": true,
              "refId": "A"
            }
          ],
          "title": "Concurrent requests",
          "type": "stat"
        },
        {
          "datasource": {
            "type": "prometheus",
            "uid": "PF224BEF3374A25F8"
          },
          "description": "Total number of releases processed by the operator",
          "fieldConfig": {
            "defaults": {
              "color": {
                "mode": "thresholds"
              },
              "mappings": [],
              "noValue": "0%",
              "thresholds": {
                "mode": "absolute",
                "steps": [
                  {
                    "color": "green",
                    "value": null
                  }
                ]
              },
              "unit": "percentunit"
            },
            "overrides": []
          },
          "gridPos": {
            "h": 5,
            "w": 5,
            "x": 14,
            "y": 0
          },
          "id": 11,
          "options": {
            "colorMode": "value",
            "graphMode": "none",
            "justifyMode": "auto",
            "orientation": "auto",
            "reduceOptions": {
              "calcs": [
                "lastNotNull"
              ],
              "fields": "",
              "values": false
            },
            "textMode": "auto"
          },
          "pluginVersion": "9.1.6",
          "targets": [
            {
              "datasource": {
                "type": "prometheus",
                "uid": "PF224BEF3374A25F8"
              },
              "editorMode": "code",
              "exemplar": false,
              "expr": "release_attempt_total{succeeded=\"true\"} / release_attempt_total",
              "instant": false,
              "interval": "",
              "legendFormat": "__auto",
              "range": true,
              "refId": "A"
            }
          ],
          "title": "Percentage of successful releases",
          "type": "stat"
        },
        {
          "datasource": {
            "type": "prometheus",
            "uid": "PF224BEF3374A25F8"
          },
          "description": "Total number of releases processed by the operator",
          "fieldConfig": {
            "defaults": {
              "color": {
                "fixedColor": "orange",
                "mode": "fixed"
              },
              "mappings": [],
              "min": 0,
              "noValue": "0",
              "thresholds": {
                "mode": "absolute",
                "steps": [
                  {
                    "color": "semi-dark-red",
                    "value": null
                  }
                ]
              },
              "unit": "none"
            },
            "overrides": []
          },
          "gridPos": {
            "h": 5,
            "w": 5,
            "x": 19,
            "y": 0
          },
          "id": 14,
          "options": {
            "colorMode": "value",
            "graphMode": "none",
            "justifyMode": "auto",
            "orientation": "auto",
            "reduceOptions": {
              "calcs": [
                "lastNotNull"
              ],
              "fields": "",
              "values": false
            },
            "textMode": "auto"
          },
          "pluginVersion": "9.1.6",
          "targets": [
            {
              "datasource": {
                "type": "prometheus",
                "uid": "PF224BEF3374A25F8"
              },
              "editorMode": "code",
              "expr": "release_attempt_invalid_total",
              "legendFormat": "__auto",
              "range": true,
              "refId": "A"
            }
          ],
          "title": "Total number failed releases",
          "type": "stat"
        },
        {
          "datasource": {
            "type": "prometheus",
            "uid": "PF224BEF3374A25F8"
          },
          "description": "Release durations from the moment the release resource was created til the release is marked as running",
          "fieldConfig": {
            "defaults": {
              "color": {
                "mode": "thresholds"
              },
              "mappings": [],
              "thresholds": {
                "mode": "absolute",
                "steps": [
                  {
                    "color": "green",
                    "value": null
                  },
                  {
                    "color": "red",
                    "value": 80
                  }
                ]
              }
            },
            "overrides": []
          },
          "gridPos": {
            "h": 8,
            "w": 12,
            "x": 0,
            "y": 5
          },
          "id": 4,
          "options": {
            "displayMode": "gradient",
            "minVizHeight": 10,
            "minVizWidth": 0,
            "orientation": "auto",
            "reduceOptions": {
              "calcs": [
                "lastNotNull"
              ],
              "fields": "",
              "values": false
            },
            "showUnfilled": true
          },
          "pluginVersion": "9.1.6",
          "targets": [
            {
              "datasource": {
                "type": "prometheus",
                "uid": "PF224BEF3374A25F8"
              },
              "editorMode": "builder",
              "expr": "release_attempt_duration_seconds_bucket",
              "format": "heatmap",
              "legendFormat": "{{le}}",
              "range": true,
              "refId": "A"
            }
          ],
          "title": "Time to complete releases",
          "type": "bargauge"
        },
        {
          "datasource": {
            "type": "prometheus",
            "uid": "PF224BEF3374A25F8"
          },
          "description": "Release durations from the moment the release resource was created til the release is marked as running",
          "fieldConfig": {
            "defaults": {
              "color": {
                "mode": "thresholds"
              },
              "mappings": [],
              "thresholds": {
                "mode": "absolute",
                "steps": [
                  {
                    "color": "green",
                    "value": null
                  },
                  {
                    "color": "red",
                    "value": 80
                  }
                ]
              }
            },
            "overrides": []
          },
          "gridPos": {
            "h": 8,
            "w": 12,
            "x": 12,
            "y": 5
          },
          "id": 13,
          "options": {
            "displayMode": "gradient",
            "minVizHeight": 10,
            "minVizWidth": 0,
            "orientation": "auto",
            "reduceOptions": {
              "calcs": [
                "lastNotNull"
              ],
              "fields": "",
              "values": false
            },
            "showUnfilled": true
          },
          "pluginVersion": "9.1.6",
          "targets": [
            {
              "datasource": {
                "type": "prometheus",
                "uid": "PF224BEF3374A25F8"
              },
              "editorMode": "code",
              "expr": "release_attempt_running_seconds_bucket",
              "format": "heatmap",
              "legendFormat": "{{le}}",
              "range": true,
              "refId": "A"
            }
          ],
          "title": "Time to start running releases",
          "type": "bargauge"
        }
      ],
      "refresh": "30s",
      "schemaVersion": 37,
      "style": "dark",
      "tags": [],
      "templating": {
        "list": []
      },
      "time": {
        "from": "now-24h",
        "to": "now"
      },
      "timepicker": {},
      "timezone": "",
      "title": "Release Attempts",
      "uid": "povBUUh4z",
      "version": 15,
      "weekStart": ""
    }
kind: ConfigMap
metadata:
  name: release-service-grafana-dashboard-release-release-attempts
  namespace: release-service
---
apiVersion: v1
data:
  controller_manager_config.yaml: |
    apiVersion: controller-runtime.sigs.k8s.io/v1alpha1
    kind: ControllerManagerConfig
    health:
      healthProbeBindAddress: :8081
    metrics:
      bindAddress: 127.0.0.1:8080
    webhook:
      port: 9443
    leaderElection:
      leaderElect: true
      resourceName: f3d4c01a.redhat.com
kind: ConfigMap
metadata:
  name: release-service-manager-config
  namespace: release-service
---
apiVersion: v1
data:
  DEFAULT_RELEASE_PVC: ""
  DEFAULT_RELEASE_WORKSPACE_NAME: ""
kind: ConfigMap
metadata:
  name: release-service-manager-properties
  namespace: release-service
---
apiVersion: v1
kind: Service
metadata:
  labels:
    control-plane: controller-manager
  name: release-service-controller-manager-metrics-service
  namespace: release-service
spec:
  ports:
  - name: https
    port: 8443
    protocol: TCP
    targetPort: https
  selector:
    control-plane: controller-manager
---
apiVersion: v1
kind: Service
metadata:
  annotations:
    service.beta.openshift.io/serving-cert-secret-name: webhook-server-cert
  name: release-service-webhook-service
  namespace: release-service
spec:
  ports:
  - port: 443
    protocol: TCP
    targetPort: 9443
  selector:
    control-plane: controller-manager
---
apiVersion: apps/v1
kind: Deployment
metadata:
  labels:
    control-plane: controller-manager
  name: release-service-controller-manager
  namespace: release-service
spec:
  replicas: 1
  selector:
    matchLabels:
      control-plane: controller-manager
  template:
    metadata:
      annotations:
        kubectl.kubernetes.io/default-container: manager
      labels:
        control-plane: controller-manager
    spec:
      containers:
      - args:
        - --health-probe-bind-address=:8081
        - --metrics-bind-address=127.0.0.1:8080
        - --leader-elect
        command:
        - /manager
        env:
        - name: DEFAULT_RELEASE_PVC
          valueFrom:
            configMapKeyRef:
              key: DEFAULT_RELEASE_PVC
              name: release-service-manager-properties
              optional: true
        - name: DEFAULT_RELEASE_WORKSPACE_NAME
          valueFrom:
            configMapKeyRef:
              key: DEFAULT_RELEASE_WORKSPACE_NAME
              name: release-service-manager-properties
              optional: true
        image: quay.io/redhat-appstudio/release-service:fe1657ef9ad9153de69acb0a1aabfa905dd216c2
        livenessProbe:
          httpGet:
            path: /healthz
            port: 8081
          initialDelaySeconds: 15
          periodSeconds: 20
        name: manager
        ports:
        - containerPort: 9443
          name: webhook-server
          protocol: TCP
        readinessProbe:
          httpGet:
            path: /readyz
            port: 8081
          initialDelaySeconds: 5
          periodSeconds: 10
        resources:
          limits:
            cpu: 500m
            memory: 512Mi
          requests:
            cpu: 100m
            memory: 20Mi
        securityContext:
          allowPrivilegeEscalation: false
        volumeMounts:
        - mountPath: /tmp/k8s-webhook-server/serving-certs
          name: cert
          readOnly: true
      - args:
        - --secure-listen-address=0.0.0.0:8443
        - --upstream=http://127.0.0.1:8080/
        - --logtostderr=true
        - --v=0
        image: gcr.io/kubebuilder/kube-rbac-proxy:v0.8.0
        name: kube-rbac-proxy
        ports:
        - containerPort: 8443
          name: https
          protocol: TCP
        resources:
          limits:
            cpu: 500m
            memory: 128Mi
          requests:
            cpu: 5m
            memory: 64Mi
      securityContext:
        runAsNonRoot: true
      serviceAccountName: release-service-controller-manager
      terminationGracePeriodSeconds: 10
      volumes:
      - name: cert
        secret:
          defaultMode: 420
          secretName: webhook-server-cert
---
apiVersion: monitoring.coreos.com/v1
kind: ServiceMonitor
metadata:
  labels:
    control-plane: controller-manager
  name: release-service-controller-manager-metrics-monitor
  namespace: release-service
spec:
  endpoints:
  - bearerTokenFile: /var/run/secrets/kubernetes.io/serviceaccount/token
    path: /metrics
    port: https
    scheme: https
    tlsConfig:
      insecureSkipVerify: true
  selector:
    matchLabels:
      control-plane: controller-manager
---
apiVersion: admissionregistration.k8s.io/v1
kind: MutatingWebhookConfiguration
metadata:
  annotations:
    service.beta.openshift.io/inject-cabundle: "true"
  name: release-service-mutating-webhook-configuration
webhooks:
- admissionReviewVersions:
  - v1
  clientConfig:
    service:
      name: release-service-webhook-service
      namespace: release-service
      path: /mutate-appstudio-redhat-com-v1alpha1-releaseplan
  failurePolicy: Fail
  name: mreleaseplan.kb.io
  rules:
  - apiGroups:
    - appstudio.redhat.com
    apiVersions:
    - v1alpha1
    operations:
    - CREATE
    resources:
    - releaseplans
  sideEffects: None
- admissionReviewVersions:
  - v1
  clientConfig:
    service:
      name: release-service-webhook-service
      namespace: release-service
      path: /mutate-appstudio-redhat-com-v1alpha1-releaseplanadmission
  failurePolicy: Fail
  name: mreleaseplanadmission.kb.io
  rules:
  - apiGroups:
    - appstudio.redhat.com
    apiVersions:
    - v1alpha1
    operations:
    - CREATE
    resources:
    - releaseplanadmissions
  sideEffects: None
---
apiVersion: admissionregistration.k8s.io/v1
kind: ValidatingWebhookConfiguration
metadata:
  annotations:
    service.beta.openshift.io/inject-cabundle: "true"
  name: release-service-validating-webhook-configuration
webhooks:
- admissionReviewVersions:
  - v1
  clientConfig:
    service:
      name: release-service-webhook-service
      namespace: release-service
      path: /validate-appstudio-redhat-com-v1alpha1-release
  failurePolicy: Fail
  name: vrelease.kb.io
  rules:
  - apiGroups:
    - appstudio.redhat.com
    apiVersions:
    - v1alpha1
    operations:
    - CREATE
    - UPDATE
    resources:
    - releases
  sideEffects: None
- admissionReviewVersions:
  - v1
  clientConfig:
    service:
      name: release-service-webhook-service
      namespace: release-service
      path: /validate-appstudio-redhat-com-v1alpha1-releaseplan
  failurePolicy: Fail
  name: vreleaseplan.kb.io
  rules:
  - apiGroups:
    - appstudio.redhat.com
    apiVersions:
    - v1alpha1
    operations:
    - CREATE
    - UPDATE
    resources:
    - releaseplans
  sideEffects: None
- admissionReviewVersions:
  - v1
  clientConfig:
    service:
      name: release-service-webhook-service
      namespace: release-service
      path: /validate-appstudio-redhat-com-v1alpha1-releaseplanadmission
  failurePolicy: Fail
  name: vreleaseplanadmission.kb.io
  rules:
  - apiGroups:
    - appstudio.redhat.com
    apiVersions:
    - v1alpha1
    operations:
    - CREATE
    - UPDATE
    resources:
    - releaseplanadmissions
  sideEffects: None
