apiVersion: v1
kind: Namespace
metadata:
  labels:
    app.kubernetes.io/name: service-provider-integration-vault
    app.kubernetes.io/part-of: service-provider-integration-operator
    control-plane: controller-manager
  name: spi-vault
---
apiVersion: v1
kind: ServiceAccount
metadata:
  labels:
    app.kubernetes.io/instance: vault
    app.kubernetes.io/managed-by: Helm
    app.kubernetes.io/name: vault
    app.kubernetes.io/part-of: service-provider-integration-operator
    helm.sh/chart: vault-0.22.0
  name: vault
  namespace: spi-vault
---
apiVersion: rbac.authorization.k8s.io/v1
kind: ClusterRoleBinding
metadata:
  labels:
    app.kubernetes.io/instance: vault
    app.kubernetes.io/managed-by: Helm
    app.kubernetes.io/name: vault
    app.kubernetes.io/part-of: service-provider-integration-operator
    helm.sh/chart: vault-0.22.0
  name: vault-server-binding
roleRef:
  apiGroup: rbac.authorization.k8s.io
  kind: ClusterRole
  name: system:auth-delegator
subjects:
- kind: ServiceAccount
  name: vault
  namespace: spi-vault
---
apiVersion: v1
data:
  extraconfig-from-values.hcl: |-
    disable_mlock = true
    ui = false

    listener "tcp" {
      tls_disable = 1
      address = "[::]:8200"
      cluster_address = "[::]:8201"
    }
    storage "file" {
      path = "/vault/data"
    }
kind: ConfigMap
metadata:
  labels:
    app.kubernetes.io/instance: vault
    app.kubernetes.io/managed-by: Helm
    app.kubernetes.io/name: vault
    app.kubernetes.io/part-of: service-provider-integration-operator
    helm.sh/chart: vault-0.22.0
  name: vault-config
  namespace: spi-vault
---
apiVersion: v1
data:
  poststart.sh: |
    #!/bin/bash

    VAULT_KEYS_DIR=/vault/userconfig/keys

    function isInitialized() {
      INITIALIZED=$( vault status -format=yaml | grep "initialized" | awk '{split($0,a,": "); print a[2]}' )
      echo "${INITIALIZED}"
    }

    function isSealed() {
      SEALED=$( vault status -format=yaml | grep "sealed" | awk '{split($0,a,": "); print a[2]}' )
      echo "${SEALED}"
    }

    if [ "$( isInitialized )" == "false" ]; then
      echo "vault not initialized. This is manual action."
      return
    fi

    # shellcheck disable=SC2012
    if [ "$( ls "${VAULT_KEYS_DIR}" | wc -l )" == "0" ]; then
      echo "no keys found."
      return
    fi

    if [ "$( isSealed )" == "true" ]; then
      echo "unsealing ..."
      KEYS=$( ls ${VAULT_KEYS_DIR}/key* )
      for KEY in ${KEYS}; do
        if [ "$( isSealed )" == "true" ]; then
          vault operator unseal "$( cat "${KEY}" )"
        else
          echo "unsealed"
          return
        fi
      done
    fi
  root.sh: |
    #!/bin/bash

    echo "generating root token ..."

    vault operator generate-root -cancel > /dev/null
    INIT=$( vault operator generate-root -init -format=yaml )
    NONCE=$( echo "${INIT}" | grep "nonce:" | awk '{split($0,a,": "); print a[2]}' )
    OTP=$( echo "${INIT}" | grep "otp:" | awk '{split($0,a,": "); print a[2]}' )

    KEYS=$( ls /vault/userconfig/keys/key* )
    for KEY_FILE in ${KEYS}; do
      KEY=$( cat "${KEY_FILE}" )
      if [ -z "${KEY}" ]; then
        echo "failed to generate token"
        exit 1
      fi
      GENERATE_OUTPUT=$( echo "${KEY}" | vault operator generate-root -nonce="${NONCE}" -format=yaml - )
      COMPLETE=$( echo "${GENERATE_OUTPUT}" | grep "complete:" | awk '{split($0,a,": "); print a[2]}' )
      if [ "${COMPLETE}" == "true" ]; then
        ENCODED_TOKEN=$( echo "${GENERATE_OUTPUT}" | grep "encoded_token" | awk '{split($0,a,": "); print a[2]}' )
        ROOT_TOKEN=$( vault operator generate-root \
          -decode="${ENCODED_TOKEN}" \
          -otp="${OTP}" -format=yaml | awk '{split($0,a,": "); print a[2]}' )
        vault login "${ROOT_TOKEN}"
        exit 0
      fi
    done

    exit 1
kind: ConfigMap
metadata:
  labels:
    app.kubernetes.io/name: service-provider-integration-vault
    app.kubernetes.io/part-of: service-provider-integration-operator
  name: vault-poststart-script
  namespace: spi-vault
---
apiVersion: v1
kind: Service
metadata:
  labels:
    app.kubernetes.io/instance: vault
    app.kubernetes.io/managed-by: Helm
    app.kubernetes.io/name: vault
    app.kubernetes.io/part-of: service-provider-integration-operator
    helm.sh/chart: vault-0.22.0
  name: vault
  namespace: spi-vault
spec:
  ports:
  - name: http
    port: 8200
    targetPort: 8200
  - name: https-internal
    port: 8201
    targetPort: 8201
  publishNotReadyAddresses: true
  selector:
    app.kubernetes.io/instance: vault
    app.kubernetes.io/name: vault
    app.kubernetes.io/part-of: service-provider-integration-operator
    component: server
---
apiVersion: v1
kind: Service
metadata:
  labels:
    app.kubernetes.io/instance: vault
    app.kubernetes.io/managed-by: Helm
    app.kubernetes.io/name: vault
    app.kubernetes.io/part-of: service-provider-integration-operator
    helm.sh/chart: vault-0.22.0
    vault-internal: "true"
  name: vault-internal
  namespace: spi-vault
spec:
  clusterIP: None
  ports:
  - name: http
    port: 8200
    targetPort: 8200
  - name: https-internal
    port: 8201
    targetPort: 8201
  publishNotReadyAddresses: true
  selector:
    app.kubernetes.io/instance: vault
    app.kubernetes.io/name: vault
    app.kubernetes.io/part-of: service-provider-integration-operator
    component: server
---
apiVersion: apps/v1
kind: StatefulSet
metadata:
  labels:
    app.kubernetes.io/instance: vault
    app.kubernetes.io/managed-by: Helm
    app.kubernetes.io/name: vault
    app.kubernetes.io/part-of: service-provider-integration-operator
  name: vault
  namespace: spi-vault
spec:
  podManagementPolicy: Parallel
  replicas: 1
  selector:
    matchLabels:
      app.kubernetes.io/instance: vault
      app.kubernetes.io/name: vault
      app.kubernetes.io/part-of: service-provider-integration-operator
      component: server
  serviceName: vault-internal
  template:
    metadata:
      labels:
        app.kubernetes.io/instance: vault
        app.kubernetes.io/name: vault
        app.kubernetes.io/part-of: service-provider-integration-operator
        component: server
        helm.sh/chart: vault-0.22.0
    spec:
      affinity:
        podAntiAffinity:
          requiredDuringSchedulingIgnoredDuringExecution:
          - labelSelector:
              matchLabels:
                app.kubernetes.io/instance: vault
                app.kubernetes.io/name: vault
                app.kubernetes.io/part-of: service-provider-integration-operator
                component: server
            topologyKey: kubernetes.io/hostname
      containers:
      - args:
        - "cp /vault/config/extraconfig-from-values.hcl /tmp/storageconfig.hcl;\n[
          -n \"${HOST_IP}\" ] && sed -Ei \"s|HOST_IP|${HOST_IP?}|g\" /tmp/storageconfig.hcl;\n[
          -n \"${POD_IP}\" ] && sed -Ei \"s|POD_IP|${POD_IP?}|g\" /tmp/storageconfig.hcl;\n[
          -n \"${HOSTNAME}\" ] && sed -Ei \"s|HOSTNAME|${HOSTNAME?}|g\" /tmp/storageconfig.hcl;\n[
          -n \"${API_ADDR}\" ] && sed -Ei \"s|API_ADDR|${API_ADDR?}|g\" /tmp/storageconfig.hcl;\n[
          -n \"${TRANSIT_ADDR}\" ] && sed -Ei \"s|TRANSIT_ADDR|${TRANSIT_ADDR?}|g\"
          /tmp/storageconfig.hcl;\n[ -n \"${RAFT_ADDR}\" ] && sed -Ei \"s|RAFT_ADDR|${RAFT_ADDR?}|g\"
          /tmp/storageconfig.hcl;\n/usr/local/bin/docker-entrypoint.sh vault server
          -config=/tmp/storageconfig.hcl \n"
        command:
        - /bin/sh
        - -ec
        env:
        - name: HOST_IP
          valueFrom:
            fieldRef:
              fieldPath: status.hostIP
        - name: POD_IP
          valueFrom:
            fieldRef:
              fieldPath: status.podIP
        - name: VAULT_K8S_POD_NAME
          valueFrom:
            fieldRef:
              fieldPath: metadata.name
        - name: VAULT_K8S_NAMESPACE
          valueFrom:
            fieldRef:
              fieldPath: metadata.namespace
        - name: VAULT_ADDR
          value: http://127.0.0.1:8200
        - name: VAULT_API_ADDR
          value: http://$(POD_IP):8200
        - name: SKIP_CHOWN
          value: "true"
        - name: SKIP_SETCAP
          value: "true"
        - name: HOSTNAME
          valueFrom:
            fieldRef:
              fieldPath: metadata.name
        - name: VAULT_CLUSTER_ADDR
          value: https://$(HOSTNAME).vault-internal:8201
        - name: HOME
          value: /home/vault
        - name: VAULT_LOG_LEVEL
          value: info
        image: docker.io/hashicorp/vault:1.11.3
        imagePullPolicy: IfNotPresent
        lifecycle:
          postStart:
            exec:
              command:
              - /bin/sh
              - /vault/userconfig/scripts/poststart.sh
          preStop:
            exec:
              command:
              - /bin/sh
              - -c
              - sleep 5 && kill -SIGTERM $(pidof vault)
        name: vault
        ports:
        - containerPort: 8200
          name: http
        - containerPort: 8201
          name: https-internal
        - containerPort: 8202
          name: http-rep
        readinessProbe:
          exec:
            command:
            - /bin/sh
            - -ec
            - vault status -tls-skip-verify
          failureThreshold: 2
          initialDelaySeconds: 5
          periodSeconds: 5
          successThreshold: 1
          timeoutSeconds: 3
        resources:
          limits:
            cpu: 500m
            memory: 500Mi
          requests:
            cpu: 50m
            memory: 100Mi
        volumeMounts:
        - mountPath: /vault/data
          name: data
        - mountPath: /vault/config
          name: config
        - mountPath: /vault/userconfig/scripts
          name: poststart
        - mountPath: /vault/userconfig/keys
          name: keys
        - mountPath: /home/vault
          name: home
      serviceAccountName: vault
      terminationGracePeriodSeconds: 10
      volumes:
      - configMap:
          name: vault-config
        name: config
      - configMap:
          defaultMode: 356
          name: vault-poststart-script
        name: poststart
      - name: keys
        secret:
          optional: true
          secretName: spi-vault-keys
      - emptyDir: {}
        name: home
  updateStrategy:
    type: OnDelete
  volumeClaimTemplates:
  - metadata:
      labels:
        app.kubernetes.io/part-of: service-provider-integration-operator
      name: data
    spec:
      accessModes:
      - ReadWriteOnce
      resources:
        requests:
          storage: 1Gi
---
apiVersion: route.openshift.io/v1
kind: Route
metadata:
  labels:
    app.kubernetes.io/instance: vault
    app.kubernetes.io/managed-by: Helm
    app.kubernetes.io/name: vault
    app.kubernetes.io/part-of: service-provider-integration-operator
    helm.sh/chart: vault-0.22.0
  name: vault
  namespace: spi-vault
spec:
  host: null
  port:
    targetPort: 8200
  tls:
    termination: edge
  to:
    kind: Service
    name: vault
    weight: 100
---
apiVersion: v1
kind: Pod
metadata:
  annotations:
    helm.sh/hook: test
  labels:
    app.kubernetes.io/part-of: service-provider-integration-operator
  name: vault-server-test
  namespace: spi-vault
spec:
  containers:
  - command:
    - /bin/sh
    - -c
    - |
      echo "Checking for sealed info in 'vault status' output"
      ATTEMPTS=10
      n=0
      until [ "$n" -ge $ATTEMPTS ]
      do
        echo "Attempt" $n...
        vault status -format yaml | grep -E '^sealed: (true|false)' && break
        n=$((n+1))
        sleep 5
      done
      if [ $n -ge $ATTEMPTS ]; then
        echo "timed out looking for sealed info in 'vault status' output"
        exit 1
      fi

      exit 0
    env:
    - name: VAULT_ADDR
      value: http://vault.spi-vault.svc:8200
    image: docker.io/hashicorp/vault:1.11.3
    imagePullPolicy: IfNotPresent
    name: vault-server-test
    volumeMounts:
    - mountPath: /vault/userconfig/scripts
      name: poststart
    - mountPath: /vault/userconfig/keys
      name: keys
  restartPolicy: Never
  volumes:
  - configMap:
      defaultMode: 356
      name: vault-poststart-script
    name: poststart
  - name: keys
    secret:
      optional: true
      secretName: spi-vault-keys
