apiVersion: v1
kind: Namespace
metadata:
  annotations:
    argocd.argoproj.io/sync-options: SkipDryRunOnMissingResource=true
    operator.tekton.dev/prune.skip: "true"
  name: tekton-ci
---
apiVersion: v1
imagePullSecrets:
- name: redhat-appstudio-staginguser-pull-secret
kind: ServiceAccount
metadata:
  annotations:
    argocd.argoproj.io/sync-options: SkipDryRunOnMissingResource=true
  name: pipeline
secrets:
- name: redhat-appstudio-staginguser-pull-secret
---
apiVersion: v1
kind: PersistentVolumeClaim
metadata:
  annotations:
    argocd.argoproj.io/sync-options: SkipDryRunOnMissingResource=true
  name: app-studio-default-workspace
spec:
  accessModes:
  - ReadWriteOnce
  resources:
    requests:
      storage: 100Gi
---
apiVersion: pipelinesascode.tekton.dev/v1alpha1
kind: Repository
metadata:
  annotations:
    argocd.argoproj.io/sync-options: SkipDryRunOnMissingResource=true
  name: application-api
spec:
  url: https://github.com/redhat-appstudio/application-api
---
apiVersion: pipelinesascode.tekton.dev/v1alpha1
kind: Repository
metadata:
  annotations:
    argocd.argoproj.io/sync-options: SkipDryRunOnMissingResource=true
  name: application-service
spec:
  url: https://github.com/redhat-appstudio/application-service
---
apiVersion: pipelinesascode.tekton.dev/v1alpha1
kind: Repository
metadata:
  annotations:
    argocd.argoproj.io/sync-options: SkipDryRunOnMissingResource=true
  name: build-definitions
spec:
  url: https://github.com/redhat-appstudio/build-definitions
---
apiVersion: pipelinesascode.tekton.dev/v1alpha1
kind: Repository
metadata:
  annotations:
    argocd.argoproj.io/sync-options: SkipDryRunOnMissingResource=true
  name: build-service
spec:
  url: https://github.com/redhat-appstudio/build-service
---
apiVersion: pipelinesascode.tekton.dev/v1alpha1
kind: Repository
metadata:
  annotations:
    argocd.argoproj.io/sync-options: SkipDryRunOnMissingResource=true
  name: e2e-tests
spec:
  url: https://github.com/redhat-appstudio/e2e-tests
---
apiVersion: pipelinesascode.tekton.dev/v1alpha1
kind: Repository
metadata:
  annotations:
    argocd.argoproj.io/sync-options: SkipDryRunOnMissingResource=true
  name: ec-golden-image
spec:
  url: https://github.com/hacbs-contract/golden-container
---
apiVersion: pipelinesascode.tekton.dev/v1alpha1
kind: Repository
metadata:
  annotations:
    argocd.argoproj.io/sync-options: SkipDryRunOnMissingResource=true
  name: enterprise-contract
spec:
  url: https://github.com/hacbs-contract/enterprise-contract-controller
---
apiVersion: pipelinesascode.tekton.dev/v1alpha1
kind: Repository
metadata:
  annotations:
    argocd.argoproj.io/sync-options: SkipDryRunOnMissingResource=true
  name: gitops
spec:
  url: https://github.com/redhat-appstudio/managed-gitops
---
apiVersion: pipelinesascode.tekton.dev/v1alpha1
kind: Repository
metadata:
  annotations:
    argocd.argoproj.io/sync-options: SkipDryRunOnMissingResource=true
  name: gitops-repo-pruner
spec:
  url: https://github.com/redhat-appstudio/gitops-repo-pruner
---
apiVersion: pipelinesascode.tekton.dev/v1alpha1
kind: Repository
metadata:
  annotations:
    argocd.argoproj.io/sync-options: SkipDryRunOnMissingResource=true
  name: integration-service
spec:
  url: https://github.com/redhat-appstudio/integration-service
---
apiVersion: pipelinesascode.tekton.dev/v1alpha1
kind: Repository
metadata:
  annotations:
    argocd.argoproj.io/sync-options: SkipDryRunOnMissingResource=true
  name: internal-services
spec:
  url: https://github.com/redhat-appstudio/internal-services
---
apiVersion: pipelinesascode.tekton.dev/v1alpha1
kind: Repository
metadata:
  annotations:
    argocd.argoproj.io/sync-options: SkipDryRunOnMissingResource=true
  name: jvm-build-service
spec:
  url: https://github.com/redhat-appstudio/jvm-build-service
---
apiVersion: pipelinesascode.tekton.dev/v1alpha1
kind: Repository
metadata:
  annotations:
    argocd.argoproj.io/sync-options: SkipDryRunOnMissingResource=true
  name: jvm-build-service-builder-images
spec:
  url: https://github.com/redhat-appstudio/jvm-build-service-builder-images
---
apiVersion: pipelinesascode.tekton.dev/v1alpha1
kind: Repository
metadata:
  annotations:
    argocd.argoproj.io/sync-options: SkipDryRunOnMissingResource=true
  name: quality-dashboard
spec:
  url: https://github.com/redhat-appstudio/quality-dashboard
---
apiVersion: pipelinesascode.tekton.dev/v1alpha1
kind: Repository
metadata:
  annotations:
    argocd.argoproj.io/sync-options: SkipDryRunOnMissingResource=true
  name: release-service
spec:
  url: https://github.com/redhat-appstudio/release-service
---
apiVersion: pipelinesascode.tekton.dev/v1alpha1
kind: Repository
metadata:
  annotations:
    argocd.argoproj.io/sync-options: SkipDryRunOnMissingResource=true
  name: service-provider-integration
spec:
  url: https://github.com/redhat-appstudio/service-provider-integration-operator
---
apiVersion: pipelinesascode.tekton.dev/v1alpha1
kind: Repository
metadata:
  annotations:
    argocd.argoproj.io/sync-options: SkipDryRunOnMissingResource=true
  name: sprayproxy
spec:
  url: https://github.com/redhat-appstudio/sprayproxy
---
apiVersion: pipelinesascode.tekton.dev/v1alpha1
kind: Repository
metadata:
  annotations:
    argocd.argoproj.io/sync-options: SkipDryRunOnMissingResource=true
  name: tekton-results
spec:
  url: https://github.com/openshift-pipelines/tektoncd-results
