apiVersion: apiextensions.k8s.io/v1
kind: CustomResourceDefinition
metadata:
  annotations:
    api-approved.openshift.io: https://github.com/openshift/api/pull/979
    argocd.argoproj.io/sync-options: SkipDryRunOnMissingResource=true
    description: Extension for sharing ConfigMaps across Namespaces
    displayName: SharedConfigMap
  name: sharedconfigmaps.sharedresource.openshift.io
spec:
  group: sharedresource.openshift.io
  names:
    kind: SharedConfigMap
    listKind: SharedConfigMapList
    plural: sharedconfigmaps
    singular: sharedconfigmap
  scope: Cluster
  versions:
  - name: v1alpha1
    schema:
      openAPIV3Schema:
        description: "SharedConfigMap allows a ConfigMap to be shared across namespaces.
          Pods can mount the shared ConfigMap by adding a CSI volume to the pod specification
          using the \"csi.sharedresource.openshift.io\" CSI driver and a reference
          to the SharedConfigMap in the volume attributes: \n spec:  volumes:  - name:
          shared-configmap    csi:      driver: csi.sharedresource.openshift.io      volumeAttributes:
          \       sharedConfigMap: my-share \n For the mount to be successful, the
          pod's service account must be granted permission to 'use' the named SharedConfigMap
          object within its namespace with an appropriate Role and RoleBinding. For
          compactness, here are example `oc` invocations for creating such Role and
          RoleBinding objects. \n  `oc create role shared-resource-my-share --verb=use
          --resource=sharedconfigmaps.sharedresource.openshift.io --resource-name=my-share`
          \ `oc create rolebinding shared-resource-my-share --role=shared-resource-my-share
          --serviceaccount=my-namespace:default` \n Shared resource objects, in this
          case ConfigMaps, have default permissions of list, get, and watch for system
          authenticated users. \n Compatibility level 4: No compatibility is provided,
          the API can change at any point for any reason. These capabilities should
          not be used by applications needing long term support. These capabilities
          should not be used by applications needing long term support."
        properties:
          apiVersion:
            description: 'APIVersion defines the versioned schema of this representation
              of an object. Servers should convert recognized schemas to the latest
              internal value, and may reject unrecognized values. More info: https://git.k8s.io/community/contributors/devel/sig-architecture/api-conventions.md#resources'
            type: string
          kind:
            description: 'Kind is a string value representing the REST resource this
              object represents. Servers may infer this from the endpoint the client
              submits requests to. Cannot be updated. In CamelCase. More info: https://git.k8s.io/community/contributors/devel/sig-architecture/api-conventions.md#types-kinds'
            type: string
          metadata:
            type: object
          spec:
            description: spec is the specification of the desired shared configmap
            properties:
              configMapRef:
                description: configMapRef is a reference to the ConfigMap to share
                properties:
                  name:
                    description: name represents the name of the ConfigMap that is
                      being referenced.
                    type: string
                  namespace:
                    description: namespace represents the namespace where the referenced
                      ConfigMap is located.
                    type: string
                required:
                - name
                - namespace
                type: object
              description:
                description: description is a user readable explanation of what the
                  backing resource provides.
                type: string
            required:
            - configMapRef
            type: object
          status:
            description: status is the observed status of the shared configmap
            properties:
              conditions:
                description: conditions represents any observations made on this particular
                  shared resource by the underlying CSI driver or Share controller.
                items:
                  description: "Condition contains details for one aspect of the current
                    state of this API Resource. --- This struct is intended for direct
                    use as an array at the field path .status.conditions.  For example,
                    type FooStatus struct{     // Represents the observations of a
                    foo's current state.     // Known .status.conditions.type are:
                    \"Available\", \"Progressing\", and \"Degraded\"     // +patchMergeKey=type
                    \    // +patchStrategy=merge     // +listType=map     // +listMapKey=type
                    \    Conditions []metav1.Condition `json:\"conditions,omitempty\"
                    patchStrategy:\"merge\" patchMergeKey:\"type\" protobuf:\"bytes,1,rep,name=conditions\"`
                    \n     // other fields }"
                  properties:
                    lastTransitionTime:
                      description: lastTransitionTime is the last time the condition
                        transitioned from one status to another. This should be when
                        the underlying condition changed.  If that is not known, then
                        using the time when the API field changed is acceptable.
                      format: date-time
                      type: string
                    message:
                      description: message is a human readable message indicating
                        details about the transition. This may be an empty string.
                      maxLength: 32768
                      type: string
                    observedGeneration:
                      description: observedGeneration represents the .metadata.generation
                        that the condition was set based upon. For instance, if .metadata.generation
                        is currently 12, but the .status.conditions[x].observedGeneration
                        is 9, the condition is out of date with respect to the current
                        state of the instance.
                      format: int64
                      minimum: 0
                      type: integer
                    reason:
                      description: reason contains a programmatic identifier indicating
                        the reason for the condition's last transition. Producers
                        of specific condition types may define expected values and
                        meanings for this field, and whether the values are considered
                        a guaranteed API. The value should be a CamelCase string.
                        This field may not be empty.
                      maxLength: 1024
                      minLength: 1
                      pattern: ^[A-Za-z]([A-Za-z0-9_,:]*[A-Za-z0-9_])?$
                      type: string
                    status:
                      description: status of the condition, one of True, False, Unknown.
                      enum:
                      - "True"
                      - "False"
                      - Unknown
                      type: string
                    type:
                      description: type of condition in CamelCase or in foo.example.com/CamelCase.
                        --- Many .condition.type values are consistent across resources
                        like Available, but because arbitrary conditions can be useful
                        (see .node.status.conditions), the ability to deconflict is
                        important. The regex it matches is (dns1123SubdomainFmt/)?(qualifiedNameFmt)
                      maxLength: 316
                      pattern: ^([a-z0-9]([-a-z0-9]*[a-z0-9])?(\.[a-z0-9]([-a-z0-9]*[a-z0-9])?)*/)?(([A-Za-z0-9][-A-Za-z0-9_.]*)?[A-Za-z0-9])$
                      type: string
                  required:
                  - lastTransitionTime
                  - message
                  - reason
                  - status
                  - type
                  type: object
                type: array
            type: object
        type: object
    served: true
    storage: true
---
apiVersion: apiextensions.k8s.io/v1
kind: CustomResourceDefinition
metadata:
  annotations:
    api-approved.openshift.io: https://github.com/openshift/api/pull/979
    argocd.argoproj.io/sync-options: SkipDryRunOnMissingResource=true
    description: Extension for sharing Secrets across Namespaces
    displayName: SharedSecret
  name: sharedsecrets.sharedresource.openshift.io
spec:
  group: sharedresource.openshift.io
  names:
    kind: SharedSecret
    listKind: SharedSecretList
    plural: sharedsecrets
    singular: sharedsecret
  scope: Cluster
  versions:
  - name: v1alpha1
    schema:
      openAPIV3Schema:
        description: "SharedSecret allows a Secret to be shared across namespaces.
          Pods can mount the shared Secret by adding a CSI volume to the pod specification
          using the \"csi.sharedresource.openshift.io\" CSI driver and a reference
          to the SharedSecret in the volume attributes: \n spec:  volumes:  - name:
          shared-secret    csi:      driver: csi.sharedresource.openshift.io      volumeAttributes:
          \       sharedSecret: my-share \n For the mount to be successful, the pod's
          service account must be granted permission to 'use' the named SharedSecret
          object within its namespace with an appropriate Role and RoleBinding. For
          compactness, here are example `oc` invocations for creating such Role and
          RoleBinding objects. \n  `oc create role shared-resource-my-share --verb=use
          --resource=sharedsecrets.sharedresource.openshift.io --resource-name=my-share`
          \ `oc create rolebinding shared-resource-my-share --role=shared-resource-my-share
          --serviceaccount=my-namespace:default` \n Shared resource objects, in this
          case Secrets, have default permissions of list, get, and watch for system
          authenticated users. \n Compatibility level 4: No compatibility is provided,
          the API can change at any point for any reason. These capabilities should
          not be used by applications needing long term support. These capabilities
          should not be used by applications needing long term support."
        properties:
          apiVersion:
            description: 'APIVersion defines the versioned schema of this representation
              of an object. Servers should convert recognized schemas to the latest
              internal value, and may reject unrecognized values. More info: https://git.k8s.io/community/contributors/devel/sig-architecture/api-conventions.md#resources'
            type: string
          kind:
            description: 'Kind is a string value representing the REST resource this
              object represents. Servers may infer this from the endpoint the client
              submits requests to. Cannot be updated. In CamelCase. More info: https://git.k8s.io/community/contributors/devel/sig-architecture/api-conventions.md#types-kinds'
            type: string
          metadata:
            type: object
          spec:
            description: spec is the specification of the desired shared secret
            properties:
              description:
                description: description is a user readable explanation of what the
                  backing resource provides.
                type: string
              secretRef:
                description: secretRef is a reference to the Secret to share
                properties:
                  name:
                    description: name represents the name of the Secret that is being
                      referenced.
                    type: string
                  namespace:
                    description: namespace represents the namespace where the referenced
                      Secret is located.
                    type: string
                required:
                - name
                - namespace
                type: object
            required:
            - secretRef
            type: object
          status:
            description: status is the observed status of the shared secret
            properties:
              conditions:
                description: conditions represents any observations made on this particular
                  shared resource by the underlying CSI driver or Share controller.
                items:
                  description: "Condition contains details for one aspect of the current
                    state of this API Resource. --- This struct is intended for direct
                    use as an array at the field path .status.conditions.  For example,
                    type FooStatus struct{     // Represents the observations of a
                    foo's current state.     // Known .status.conditions.type are:
                    \"Available\", \"Progressing\", and \"Degraded\"     // +patchMergeKey=type
                    \    // +patchStrategy=merge     // +listType=map     // +listMapKey=type
                    \    Conditions []metav1.Condition `json:\"conditions,omitempty\"
                    patchStrategy:\"merge\" patchMergeKey:\"type\" protobuf:\"bytes,1,rep,name=conditions\"`
                    \n     // other fields }"
                  properties:
                    lastTransitionTime:
                      description: lastTransitionTime is the last time the condition
                        transitioned from one status to another. This should be when
                        the underlying condition changed.  If that is not known, then
                        using the time when the API field changed is acceptable.
                      format: date-time
                      type: string
                    message:
                      description: message is a human readable message indicating
                        details about the transition. This may be an empty string.
                      maxLength: 32768
                      type: string
                    observedGeneration:
                      description: observedGeneration represents the .metadata.generation
                        that the condition was set based upon. For instance, if .metadata.generation
                        is currently 12, but the .status.conditions[x].observedGeneration
                        is 9, the condition is out of date with respect to the current
                        state of the instance.
                      format: int64
                      minimum: 0
                      type: integer
                    reason:
                      description: reason contains a programmatic identifier indicating
                        the reason for the condition's last transition. Producers
                        of specific condition types may define expected values and
                        meanings for this field, and whether the values are considered
                        a guaranteed API. The value should be a CamelCase string.
                        This field may not be empty.
                      maxLength: 1024
                      minLength: 1
                      pattern: ^[A-Za-z]([A-Za-z0-9_,:]*[A-Za-z0-9_])?$
                      type: string
                    status:
                      description: status of the condition, one of True, False, Unknown.
                      enum:
                      - "True"
                      - "False"
                      - Unknown
                      type: string
                    type:
                      description: type of condition in CamelCase or in foo.example.com/CamelCase.
                        --- Many .condition.type values are consistent across resources
                        like Available, but because arbitrary conditions can be useful
                        (see .node.status.conditions), the ability to deconflict is
                        important. The regex it matches is (dns1123SubdomainFmt/)?(qualifiedNameFmt)
                      maxLength: 316
                      pattern: ^([a-z0-9]([-a-z0-9]*[a-z0-9])?(\.[a-z0-9]([-a-z0-9]*[a-z0-9])?)*/)?(([A-Za-z0-9][-A-Za-z0-9_.]*)?[A-Za-z0-9])$
                      type: string
                  required:
                  - lastTransitionTime
                  - message
                  - reason
                  - status
                  - type
                  type: object
                type: array
            type: object
        type: object
    served: true
    storage: true
---
apiVersion: v1
kind: ServiceAccount
metadata:
  annotations:
    argocd.argoproj.io/sync-options: SkipDryRunOnMissingResource=true
  name: csi-driver-shared-resource-plugin
  namespace: openshift-cluster-csi-drivers
---
apiVersion: rbac.authorization.k8s.io/v1
kind: ClusterRole
metadata:
  annotations:
    argocd.argoproj.io/sync-options: SkipDryRunOnMissingResource=true
  labels:
    rbac.authorization.k8s.io/aggregate-to-edit: "true"
  name: globally-shared-secrets-clusterrole
rules:
- apiGroups:
  - sharedresource.openshift.io
  resourceNames:
  - redhat-appstudio-user-workload
  resources:
  - sharedsecrets
  verbs:
  - use
- apiGroups:
  - security.openshift.io
  resourceNames:
  - csi-scc
  resources:
  - securitycontextconstraints
  verbs:
  - use
---
apiVersion: rbac.authorization.k8s.io/v1
kind: ClusterRole
metadata:
  annotations:
    argocd.argoproj.io/sync-options: SkipDryRunOnMissingResource=true
  name: shared-resource-privileged-role
rules:
- apiGroups:
  - security.openshift.io
  resourceNames:
  - privileged
  resources:
  - securitycontextconstraints
  verbs:
  - use
---
apiVersion: rbac.authorization.k8s.io/v1
kind: ClusterRole
metadata:
  annotations:
    argocd.argoproj.io/sync-options: SkipDryRunOnMissingResource=true
  name: shared-resource-secret-configmap-share-watch-sar-create
rules:
- apiGroups:
  - ""
  resources:
  - secrets
  - configmaps
  - pods
  verbs:
  - get
  - list
  - watch
- apiGroups:
  - sharedresource.openshift.io
  resources:
  - sharedconfigmaps
  - sharedsecrets
  verbs:
  - get
  - list
  - watch
- apiGroups:
  - authorization.k8s.io
  resources:
  - subjectaccessreviews
  verbs:
  - create
---
apiVersion: rbac.authorization.k8s.io/v1
kind: RoleBinding
metadata:
  annotations:
    argocd.argoproj.io/sync-options: SkipDryRunOnMissingResource=true
  name: shared-resource-prometheus
  namespace: openshift-cluster-csi-drivers
roleRef:
  apiGroup: rbac.authorization.k8s.io
  kind: Role
  name: shared-resource-prometheus
subjects:
- kind: ServiceAccount
  name: prometheus-k8s
  namespace: openshift-monitoring
---
apiVersion: rbac.authorization.k8s.io/v1
kind: ClusterRoleBinding
metadata:
  annotations:
    argocd.argoproj.io/sync-options: SkipDryRunOnMissingResource=true
  name: shared-resource-node-privileged-binding
roleRef:
  apiGroup: rbac.authorization.k8s.io
  kind: ClusterRole
  name: shared-resource-privileged-role
subjects:
- kind: ServiceAccount
  name: csi-driver-shared-resource-plugin
  namespace: openshift-cluster-csi-drivers
---
apiVersion: rbac.authorization.k8s.io/v1
kind: ClusterRoleBinding
metadata:
  annotations:
    argocd.argoproj.io/sync-options: SkipDryRunOnMissingResource=true
  name: shared-resource-secret-configmap-share-watch-sar-create
roleRef:
  apiGroup: rbac.authorization.k8s.io
  kind: ClusterRole
  name: shared-resource-secret-configmap-share-watch-sar-create
subjects:
- kind: ServiceAccount
  name: csi-driver-shared-resource-plugin
  namespace: openshift-cluster-csi-drivers
---
apiVersion: v1
data:
  config.yaml: |
    ---
    ignoredNamespaces:
      - openshift-machine-api
      - openshift-kube-apiserver
      - openshift-kube-apiserver-operator
      - openshift-kube-scheduler
      - openshift-kube-controller-manager
      - openshift-kube-controller-manager-operator
      - openshift-kube-scheduler-operator
      - openshift-console-operator
      - openshift-controller-manager
      - openshift-controller-manager-operator
      - openshift-cloud-credential-operator
      - openshift-authentication-operator
      - openshift-service-ca
      - openshift-kube-storage-version-migrator-operator
      - openshift-config-operator
      - openshift-etcd-operator
      - openshift-apiserver-operator
      - openshift-cluster-csi-drivers
      - openshift-cluster-storage-operator
      - openshift-cluster-version
      - openshift-image-registry
      - openshift-machine-config-operator
      - openshift-sdn
      - openshift-service-ca-operator

    refreshResources: true

    shareRelistInterval: 10m
kind: ConfigMap
metadata:
  annotations:
    argocd.argoproj.io/sync-options: SkipDryRunOnMissingResource=true
  name: csi-driver-shared-resource-config
  namespace: openshift-cluster-csi-drivers
---
apiVersion: v1
data:
  sharedconfigmap-list.yaml: |
    ---
    authorizedSharedResources:
kind: ConfigMap
metadata:
  annotations:
    argocd.argoproj.io/sync-options: SkipDryRunOnMissingResource=true
  name: ocp-sharedconfigmap-list
  namespace: openshift-cluster-csi-drivers
---
apiVersion: v1
data:
  sharedsecret-list.yaml: |
    ---
    authorizedSharedResources:
      - openshift-etc-pki-entitlement: openshift-config-managed:etc-pki-entitlement
kind: ConfigMap
metadata:
  annotations:
    argocd.argoproj.io/sync-options: SkipDryRunOnMissingResource=true
  name: ocp-sharedsecret-list
  namespace: openshift-cluster-csi-drivers
---
apiVersion: v1
kind: Service
metadata:
  annotations:
    argocd.argoproj.io/sync-options: SkipDryRunOnMissingResource=true
  labels:
    app: shared-resource-csi-driver-node
  name: shared-resource-csi-driver-node
  namespace: openshift-cluster-csi-drivers
spec:
  ports:
  - name: dummy
    port: 12345
  selector:
    app: shared-resource-csi-driver-node
---
apiVersion: v1
kind: Service
metadata:
  annotations:
    argocd.argoproj.io/sync-options: SkipDryRunOnMissingResource=true
    service.beta.openshift.io/serving-cert-secret-name: shared-resource-csi-driver-node-metrics-serving-cert
  labels:
    app: shared-resource-csi-driver-node-metrics
  name: shared-resource-csi-driver-node-metrics
  namespace: openshift-cluster-csi-drivers
spec:
  ports:
  - name: provisioner-m
    port: 443
    protocol: TCP
    targetPort: provisioner-m
  - name: attacher-m
    port: 444
    protocol: TCP
    targetPort: attacher-m
  - name: resizer-m
    port: 445
    protocol: TCP
    targetPort: resizer-m
  selector:
    app: shared-resource-csi-driver-node
  sessionAffinity: None
  type: ClusterIP
---
apiVersion: apps/v1
kind: DaemonSet
metadata:
  annotations:
    argocd.argoproj.io/sync-options: SkipDryRunOnMissingResource=true
  labels:
    app: shared-resource-csi-driver-node
  name: shared-resource-csi-driver-node
  namespace: openshift-cluster-csi-drivers
spec:
  selector:
    matchLabels:
      app: shared-resource-csi-driver-node
  template:
    metadata:
      annotations:
        argocd.argoproj.io/sync-options: SkipDryRunOnMissingResource=true
      labels:
        app: shared-resource-csi-driver-node
    spec:
      containers:
      - args:
        - --v=5
        - --csi-address=/csi/csi.sock
        - --kubelet-registration-path=/var/lib/kubelet/plugins/sharedresource.csi.openshift.com/csi.sock
        env:
        - name: KUBE_NODE_NAME
          valueFrom:
            fieldRef:
              apiVersion: v1
              fieldPath: spec.nodeName
        image: registry.redhat.io/openshift4/ose-csi-node-driver-registrar:v4.12.0-202302061702.p0.g805d5ac.assembly.stream
        name: node-driver-registrar
        resources:
          requests:
            cpu: 10m
            memory: 20Mi
        securityContext:
          privileged: true
        volumeMounts:
        - mountPath: /csi
          name: socket-dir
        - mountPath: /registration
          name: registration-dir
        - mountPath: /run/csi-data-dir
          name: csi-data-dir
      - args:
        - --config=/var/run/configmaps/config/config.yaml
        - --drivername=csi.sharedresource.openshift.io
        - --v=4
        - --nodeid=$(KUBE_NODE_NAME)
        command:
        - csi-driver-shared-resource
        env:
        - name: KUBE_NODE_NAME
          valueFrom:
            fieldRef:
              apiVersion: v1
              fieldPath: spec.nodeName
        image: registry.redhat.io/openshift4/ose-csi-driver-shared-resource-rhel8:v4.12.0-202302061702.p0.g20cffc0.assembly.stream
        imagePullPolicy: IfNotPresent
        name: hostpath
        ports:
        - containerPort: 9898
          name: healthz
          protocol: TCP
        - containerPort: 6000
          name: provisioner-m
          protocol: TCP
        resources:
          requests:
            cpu: 10m
            memory: 20Mi
        securityContext:
          privileged: true
        volumeMounts:
        - mountPath: /var/run/configmaps/config
          name: config
        - mountPath: /csi
          name: socket-dir
        - mountPath: /var/lib/kubelet/pods
          mountPropagation: Bidirectional
          name: mountpoint-dir
        - mountPath: /var/lib/kubelet/plugins
          mountPropagation: Bidirectional
          name: plugins-dir
        - mountPath: /run/csi-data-dir
          mountPropagation: Bidirectional
          name: csi-data-dir
        - mountPath: /csi-volumes-map
          name: csi-volumes-map
        - mountPath: /dev
          name: dev-dir
        - mountPath: /etc/secrets
          name: shared-resource-csi-driver-node-metrics-serving-cert
      priorityClassName: system-node-critical
      serviceAccountName: csi-driver-shared-resource-plugin
      volumes:
      - configMap:
          name: csi-driver-shared-resource-config
          optional: true
        name: config
      - hostPath:
          path: /var/lib/kubelet/plugins/sharedresource.csi.openshift.com
          type: DirectoryOrCreate
        name: socket-dir
      - hostPath:
          path: /var/lib/kubelet/pods
          type: DirectoryOrCreate
        name: mountpoint-dir
      - hostPath:
          path: /var/lib/kubelet/plugins_registry
          type: Directory
        name: registration-dir
      - hostPath:
          path: /var/lib/kubelet/plugins
          type: Directory
        name: plugins-dir
      - hostPath:
          path: /var/lib/csi-volumes-map/
          type: DirectoryOrCreate
        name: csi-volumes-map
      - hostPath:
          path: /run/csi-data-dir
          type: DirectoryOrCreate
        name: csi-data-dir
      - hostPath:
          path: /dev
          type: Directory
        name: dev-dir
      - name: shared-resource-csi-driver-node-metrics-serving-cert
        secret:
          defaultMode: 420
          secretName: shared-resource-csi-driver-node-metrics-serving-cert
  updateStrategy:
    rollingUpdate:
      maxUnavailable: 10%
    type: RollingUpdate
---
apiVersion: monitoring.coreos.com/v1
kind: ServiceMonitor
metadata:
  annotations:
    argocd.argoproj.io/sync-options: SkipDryRunOnMissingResource=true
  name: shared-resource-csi-driver-node-monitor
  namespace: openshift-cluster-csi-drivers
spec:
  endpoints:
  - bearerTokenFile: /var/run/secrets/kubernetes.io/serviceaccount/token
    interval: 30s
    path: /metrics
    port: provisioner-m
    scheme: https
    tlsConfig:
      caFile: /etc/prometheus/configmaps/serving-certs-ca-bundle/service-ca.crt
      serverName: shared-resource-csi-driver-node-metrics.openshift-cluster-csi-drivers.svc
  - bearerTokenFile: /var/run/secrets/kubernetes.io/serviceaccount/token
    interval: 30s
    path: /metrics
    port: attacher-m
    scheme: https
    tlsConfig:
      caFile: /etc/prometheus/configmaps/serving-certs-ca-bundle/service-ca.crt
      serverName: shared-resource-csi-driver-node-metrics.openshift-cluster-csi-drivers.svc
  - bearerTokenFile: /var/run/secrets/kubernetes.io/serviceaccount/token
    interval: 30s
    path: /metrics
    port: resizer-m
    scheme: https
    tlsConfig:
      caFile: /etc/prometheus/configmaps/serving-certs-ca-bundle/service-ca.crt
      serverName: shared-resource-csi-driver-node-metrics.openshift-cluster-csi-drivers.svc
  jobLabel: component
  selector:
    matchLabels:
      app: shared-resource-csi-driver-node-metrics
---
allowHostDirVolumePlugin: false
allowHostIPC: false
allowHostNetwork: false
allowHostPID: false
allowHostPorts: false
allowPrivilegeEscalation: true
allowPrivilegedContainer: false
allowedCapabilities: null
apiVersion: security.openshift.io/v1
defaultAddCapabilities: null
fsGroup:
  type: MustRunAs
groups: []
kind: SecurityContextConstraints
metadata:
  annotations:
    argocd.argoproj.io/sync-options: SkipDryRunOnMissingResource=true
    include.release.openshift.io/ibm-cloud-managed: "true"
    include.release.openshift.io/self-managed-high-availability: "true"
    include.release.openshift.io/single-node-developer: "true"
    kubernetes.io/description: restricted denies access to all host features and requires
      pods to be run with a UID, and SELinux context that are allocated to the namespace.
    release.openshift.io/create-only: "true"
  name: csi-scc
priority: null
readOnlyRootFilesystem: false
requiredDropCapabilities:
- KILL
- MKNOD
- SETUID
- SETGID
runAsUser:
  type: RunAsAny
seLinuxContext:
  type: MustRunAs
supplementalGroups:
  type: RunAsAny
users: []
volumes:
- configMap
- csi
- downwardAPI
- emptyDir
- persistentVolumeClaim
- projected
- secret
---
apiVersion: sharedresource.openshift.io/v1alpha1
kind: SharedSecret
metadata:
  annotations:
    argocd.argoproj.io/sync-options: SkipDryRunOnMissingResource=true
  name: redhat-appstudio-user-workload
spec:
  secretRef:
    name: redhat-appstudio-user-workload
    namespace: build-templates
---
apiVersion: storage.k8s.io/v1
kind: CSIDriver
metadata:
  annotations:
    argocd.argoproj.io/sync-options: SkipDryRunOnMissingResource=true
    csi.openshift.io/managed: "true"
  name: csi.sharedresource.openshift.io
spec:
  attachRequired: false
  fsGroupPolicy: File
  podInfoOnMount: true
  volumeLifecycleModes:
  - Ephemeral
