apiVersion: operator.external-secrets.io/v1alpha1
kind: OperatorConfig
metadata:
  annotations:
    argocd.argoproj.io/sync-options: SkipDryRunOnMissingResource=true
    argocd.argoproj.io/sync-wave: "0"
  name: cluster
  namespace: external-secrets-operator
spec:
  prometheus:
    enabled: true
    service:
      port: 8080
  resources:
    limits:
      cpu: 100m
      memory: 256Mi
    requests:
      cpu: 10m
      memory: 96Mi
---
apiVersion: operators.coreos.com/v1alpha1
kind: Subscription
metadata:
  annotations:
    argocd.argoproj.io/sync-wave: "-1"
  name: external-secrets-operator
  namespace: openshift-operators
spec:
  channel: stable
  installPlanApproval: Manual
  name: external-secrets-operator
  source: community-operators
  sourceNamespace: openshift-marketplace
  startingCSV: external-secrets-operator.v0.7.2
