apiVersion: v1
kind: Namespace
metadata:
  annotations:
    argocd.argoproj.io/sync-options: SkipDryRunOnMissingResource=true
  labels:
    argocd.argoproj.io/managed-by: openshift-gitops
  name: pipelines-as-code
---
apiVersion: v1
kind: Namespace
metadata:
  annotations:
    argocd.argoproj.io/sync-options: SkipDryRunOnMissingResource=true
  labels:
    argocd.argoproj.io/managed-by: openshift-gitops
  name: tekton-chains
---
apiVersion: v1
kind: Namespace
metadata:
  annotations:
    argocd.argoproj.io/sync-options: SkipDryRunOnMissingResource=true
  labels:
    argocd.argoproj.io/managed-by: openshift-gitops
  name: tekton-results
---
apiVersion: apiextensions.k8s.io/v1
kind: CustomResourceDefinition
metadata:
  annotations:
    argocd.argoproj.io/sync-options: SkipDryRunOnMissingResource=true
  labels:
    app.kubernetes.io/instance: build
    app.kubernetes.io/part-of: pipelines-as-code
    app.kubernetes.io/version: v0.15.0
  name: repositories.pipelinesascode.tekton.dev
spec:
  group: pipelinesascode.tekton.dev
  names:
    kind: Repository
    plural: repositories
    shortNames:
    - repo
    singular: repository
  scope: Namespaced
  versions:
  - additionalPrinterColumns:
    - jsonPath: .spec.url
      name: URL
      type: string
    - jsonPath: .pipelinerun_status[-1].conditions[?(@.type=="Succeeded")].status
      name: Succeeded
      type: string
    - jsonPath: .pipelinerun_status[-1].conditions[?(@.type=="Succeeded")].reason
      name: Reason
      type: string
    - jsonPath: .pipelinerun_status[-1].startTime
      name: StartTime
      type: date
    - jsonPath: .pipelinerun_status[-1].completionTime
      name: CompletionTime
      type: date
    name: v1alpha1
    schema:
      openAPIV3Schema:
        description: Schema for the repository API
        properties:
          apiVersion:
            description: 'APIVersion defines the versioned schema of this representation
              of an object. Servers should convert recognized schemas to the latest
              internal value, and may reject unrecognized values. More info: https://git.k8s.io/community/contributors/devel/  api-conventions.md#resources'
            type: string
          kind:
            description: 'Kind is a string value representing the REST resource this
              object represents. Servers may infer this from the endpoint the client
              submits requests to. Cannot be updated. In CamelCase. More info: https://git.k8s.io/community/contributors/devel/api-conventions.md#types-kinds'
            type: string
          metadata:
            type: object
          spec:
            description: Spec defines the desired state of Repository
            properties:
              concurrency_limit:
                description: Number of maximum pipelinerun running at any moment
                type: integer
              git_provider:
                properties:
                  secret:
                    properties:
                      key:
                        default: provider.token
                        description: Key inside the secret
                        type: string
                      name:
                        description: The secret name
                        type: string
                    type: object
                  type:
                    description: The Git provider type
                    type: string
                  url:
                    description: The Git provider api url
                    type: string
                  user:
                    description: The Git provider api user
                    type: string
                  webhook_secret:
                    properties:
                      key:
                        default: webhook.secret
                        description: Key inside the secret
                        type: string
                      name:
                        description: The secret name
                        type: string
                    type: object
                type: object
              incoming:
                items:
                  properties:
                    secret:
                      description: Secret to use for the webhook
                      properties:
                        key:
                          default: secret
                          description: Key of the secret
                          type: string
                        name:
                          description: Name of the secret
                          type: string
                      type: object
                    targets:
                      description: List of target branches or ref to trigger webhooks
                        on
                      items:
                        description: Branch name
                        type: string
                      type: array
                    type:
                      description: Type of webhook
                      enum:
                      - webhook-url
                      type: string
                  type: object
                type: array
              type:
                description: Git repository provider
                enum:
                - github
                - gitea
                - bitbucket
                - gitlab
                - bitbucket-enteprise
                type: string
              url:
                description: Repository URL
                type: string
            type: object
        type: object
        x-kubernetes-preserve-unknown-fields: true
    served: true
    storage: true
    subresources:
      status: {}
---
apiVersion: v1
kind: ServiceAccount
metadata:
  annotations:
    argocd.argoproj.io/sync-options: SkipDryRunOnMissingResource=true
  name: pipeline-service-exporter
  namespace: openshift-pipelines
---
apiVersion: v1
kind: ServiceAccount
metadata:
  annotations:
    argocd.argoproj.io/sync-options: SkipDryRunOnMissingResource=true
  labels:
    app.kubernetes.io/instance: build
    app.kubernetes.io/part-of: pipelines-as-code
    app.kubernetes.io/version: v0.15.0
  name: pipelines-as-code-controller
  namespace: pipelines-as-code
---
apiVersion: v1
kind: ServiceAccount
metadata:
  annotations:
    argocd.argoproj.io/sync-options: SkipDryRunOnMissingResource=true
  labels:
    app.kubernetes.io/instance: build
    app.kubernetes.io/part-of: pipelines-as-code
    app.kubernetes.io/version: v0.15.0
  name: pipelines-as-code-watcher
  namespace: pipelines-as-code
---
apiVersion: v1
kind: ServiceAccount
metadata:
  annotations:
    argocd.argoproj.io/sync-options: SkipDryRunOnMissingResource=true
  labels:
    app.kubernetes.io/instance: build
    app.kubernetes.io/part-of: pipelines-as-code
    app.kubernetes.io/version: v0.15.0
  name: pipelines-as-code-webhook
  namespace: pipelines-as-code
---
apiVersion: v1
kind: ServiceAccount
metadata:
  annotations:
    argocd.argoproj.io/sync-options: SkipDryRunOnMissingResource=true
  name: chains-secrets-admin
  namespace: tekton-chains
---
apiVersion: v1
kind: ServiceAccount
metadata:
  annotations:
    argocd.argoproj.io/sync-options: SkipDryRunOnMissingResource=true
  labels:
    app.kubernetes.io/component: controller
    app.kubernetes.io/instance: default
    app.kubernetes.io/part-of: tekton-chains
  name: tekton-chains-controller
  namespace: tekton-chains
---
apiVersion: v1
kind: ServiceAccount
metadata:
  annotations:
    argocd.argoproj.io/sync-options: SkipDryRunOnMissingResource=true
  labels:
    app.kubernetes.io/part-of: tekton-results
    app.kubernetes.io/version: v0.4.0
  name: tekton-results-api
  namespace: tekton-results
---
apiVersion: v1
kind: ServiceAccount
metadata:
  annotations:
    argocd.argoproj.io/sync-options: SkipDryRunOnMissingResource=true
  labels:
    app.kubernetes.io/part-of: tekton-results
    app.kubernetes.io/version: v0.4.0
  name: tekton-results-watcher
  namespace: tekton-results
---
apiVersion: rbac.authorization.k8s.io/v1
kind: Role
metadata:
  annotations:
    argocd.argoproj.io/sync-options: SkipDryRunOnMissingResource=true
  name: secret-reader
  namespace: openshift-ingress-operator
rules:
- apiGroups:
  - ""
  resources:
  - secrets
  verbs:
  - get
---
apiVersion: rbac.authorization.k8s.io/v1
kind: Role
metadata:
  annotations:
    argocd.argoproj.io/sync-options: SkipDryRunOnMissingResource=true
  labels:
    app.kubernetes.io/instance: build
    app.kubernetes.io/part-of: pipelines-as-code
    app.kubernetes.io/version: v0.15.0
  name: pipelines-as-code-controller-role
  namespace: pipelines-as-code
rules:
- apiGroups:
  - ""
  resources:
  - configmaps
  verbs:
  - get
  - list
  - watch
---
apiVersion: rbac.authorization.k8s.io/v1
kind: Role
metadata:
  annotations:
    argocd.argoproj.io/sync-options: SkipDryRunOnMissingResource=true
  labels:
    app.kubernetes.io/instance: build
    app.kubernetes.io/part-of: pipelines-as-code
    app.kubernetes.io/version: v0.15.0
  name: pipelines-as-code-info
  namespace: pipelines-as-code
rules:
- apiGroups:
  - ""
  resourceNames:
  - pipelines-as-code-info
  resources:
  - configmaps
  verbs:
  - get
---
apiVersion: rbac.authorization.k8s.io/v1
kind: Role
metadata:
  annotations:
    argocd.argoproj.io/sync-options: SkipDryRunOnMissingResource=true
  labels:
    app.kubernetes.io/instance: build
  name: pipelines-as-code-monitoring
  namespace: pipelines-as-code
rules:
- apiGroups:
  - ""
  resources:
  - services
  - endpoints
  - pods
  verbs:
  - get
  - list
  - watch
---
apiVersion: rbac.authorization.k8s.io/v1
kind: Role
metadata:
  annotations:
    argocd.argoproj.io/sync-options: SkipDryRunOnMissingResource=true
  labels:
    app.kubernetes.io/instance: build
    app.kubernetes.io/part-of: pipelines-as-code
    app.kubernetes.io/version: v0.15.0
  name: pipelines-as-code-watcher-role
  namespace: pipelines-as-code
rules:
- apiGroups:
  - ""
  resources:
  - configmaps
  verbs:
  - get
  - list
  - watch
- apiGroups:
  - coordination.k8s.io
  resources:
  - leases
  verbs:
  - get
  - list
  - create
  - update
  - delete
  - patch
  - watch
---
apiVersion: rbac.authorization.k8s.io/v1
kind: Role
metadata:
  annotations:
    argocd.argoproj.io/sync-options: SkipDryRunOnMissingResource=true
  labels:
    app.kubernetes.io/instance: build
    app.kubernetes.io/part-of: pipelines-as-code
    app.kubernetes.io/version: v0.15.0
  name: pipelines-as-code-webhook-role
  namespace: pipelines-as-code
rules:
- apiGroups:
  - ""
  resources:
  - configmaps
  verbs:
  - get
  - list
  - watch
- apiGroups:
  - ""
  resources:
  - secrets
  verbs:
  - list
  - watch
- apiGroups:
  - ""
  resourceNames:
  - pipelines-as-code-webhook-certs
  resources:
  - secrets
  verbs:
  - get
  - update
- apiGroups:
  - coordination.k8s.io
  resources:
  - leases
  verbs:
  - get
  - list
  - create
  - update
  - delete
  - patch
  - watch
---
apiVersion: rbac.authorization.k8s.io/v1
kind: Role
metadata:
  annotations:
    argocd.argoproj.io/sync-options: SkipDryRunOnMissingResource=true
  name: chains-secret-admin
  namespace: tekton-chains
rules:
- apiGroups:
  - ""
  resources:
  - secrets
  - configmaps
  verbs:
  - list
  - create
  - get
  - update
  - patch
---
apiVersion: rbac.authorization.k8s.io/v1
kind: Role
metadata:
  annotations:
    argocd.argoproj.io/sync-options: SkipDryRunOnMissingResource=true
  labels:
    app.kubernetes.io/instance: default
    app.kubernetes.io/part-of: tekton-chains
  name: tekton-chains-info
  namespace: tekton-chains
rules:
- apiGroups:
  - ""
  resourceNames:
  - chains-info
  resources:
  - configmaps
  verbs:
  - get
---
apiVersion: rbac.authorization.k8s.io/v1
kind: Role
metadata:
  annotations:
    argocd.argoproj.io/sync-options: SkipDryRunOnMissingResource=true
  labels:
    app.kubernetes.io/instance: default
    app.kubernetes.io/part-of: tekton-chains
  name: tekton-chains-leader-election
  namespace: tekton-chains
rules:
- apiGroups:
  - coordination.k8s.io
  resources:
  - leases
  verbs:
  - get
  - list
  - create
  - update
  - delete
  - patch
  - watch
---
apiVersion: rbac.authorization.k8s.io/v1
kind: ClusterRole
metadata:
  annotations:
    argocd.argoproj.io/sync-options: SkipDryRunOnMissingResource=true
  labels:
    app.kubernetes.io/instance: build
    app.kubernetes.io/part-of: pipelines-as-code
    app.kubernetes.io/version: v0.15.0
  name: pipeline-as-code-controller-clusterrole
  namespace: pipelines-as-code
rules:
- apiGroups:
  - ""
  resources:
  - namespaces
  verbs:
  - create
- apiGroups:
  - ""
  resources:
  - secrets
  verbs:
  - get
  - create
  - update
  - delete
- apiGroups:
  - pipelinesascode.tekton.dev
  resources:
  - repositories
  verbs:
  - create
  - list
- apiGroups:
  - tekton.dev
  resources:
  - pipelineruns
  verbs:
  - get
  - list
  - create
  - patch
- apiGroups:
  - ""
  resources:
  - events
  verbs:
  - create
- apiGroups:
  - route.openshift.io
  resources:
  - routes
  verbs:
  - get
---
apiVersion: rbac.authorization.k8s.io/v1
kind: ClusterRole
metadata:
  annotations:
    argocd.argoproj.io/sync-options: SkipDryRunOnMissingResource=true
  labels:
    app.kubernetes.io/instance: build
    app.kubernetes.io/part-of: pipelines-as-code
    app.kubernetes.io/version: v0.15.0
  name: pipeline-as-code-watcher-clusterrole
  namespace: pipelines-as-code
rules:
- apiGroups:
  - ""
  resources:
  - secrets
  verbs:
  - get
  - delete
- apiGroups:
  - pipelinesascode.tekton.dev
  resources:
  - repositories
  verbs:
  - get
  - list
  - update
  - watch
- apiGroups:
  - tekton.dev
  resources:
  - pipelineruns
  verbs:
  - get
  - delete
  - list
  - watch
  - update
  - patch
- apiGroups:
  - ""
  resources:
  - pods/log
  verbs:
  - get
- apiGroups:
  - ""
  resources:
  - events
  verbs:
  - create
  - update
  - patch
- apiGroups:
  - route.openshift.io
  resources:
  - routes
  verbs:
  - get
---
apiVersion: rbac.authorization.k8s.io/v1
kind: ClusterRole
metadata:
  annotations:
    argocd.argoproj.io/sync-options: SkipDryRunOnMissingResource=true
  labels:
    app.kubernetes.io/instance: build
    app.kubernetes.io/part-of: pipelines-as-code
    app.kubernetes.io/version: v0.15.0
  name: pipeline-as-code-webhook-clusterrole
  namespace: pipelines-as-code
rules:
- apiGroups:
  - pipelinesascode.tekton.dev
  resources:
  - repositories
  verbs:
  - get
  - list
  - watch
- apiGroups:
  - admissionregistration.k8s.io
  resources:
  - validatingwebhookconfigurations
  verbs:
  - list
  - watch
- apiGroups:
  - admissionregistration.k8s.io
  resourceNames:
  - validation.pipelinesascode.tekton.dev
  resources:
  - validatingwebhookconfigurations
  verbs:
  - get
  - update
  - delete
---
apiVersion: rbac.authorization.k8s.io/v1
kind: ClusterRole
metadata:
  annotations:
    argocd.argoproj.io/sync-options: SkipDryRunOnMissingResource=true
  name: openshift-gitops-apply-tekton-config-parameters
rules:
- apiGroups:
  - operator.tekton.dev
  resources:
  - tektonconfigs
  verbs:
  - get
  - list
  - patch
  - create
  - delete
---
apiVersion: rbac.authorization.k8s.io/v1
kind: ClusterRole
metadata:
  annotations:
    argocd.argoproj.io/sync-options: SkipDryRunOnMissingResource=true
  labels:
    app.kubernetes.io/instance: build
  name: openshift-gitops-pipelines-as-code
rules:
- apiGroups:
  - apiextensions.k8s.io
  resources:
  - customresourcedefinitions
  verbs:
  - patch
  - get
  - list
  - create
- apiGroups:
  - admissionregistration.k8s.io
  resources:
  - validatingwebhookconfigurations
  verbs:
  - create
  - delete
- apiGroups:
  - monitoring.coreos.com
  resources:
  - servicemonitors
  verbs:
  - create
---
apiVersion: rbac.authorization.k8s.io/v1
kind: ClusterRole
metadata:
  annotations:
    argocd.argoproj.io/sync-options: SkipDryRunOnMissingResource=true
  name: pipeline-service-exporter-reader
rules:
- apiGroups:
  - ""
  resources:
  - pods
  - services
  - namespaces
  - endpoints
  verbs:
  - get
  - list
  - watch
- apiGroups:
  - tekton.dev
  resources:
  - pipelineruns
  - taskruns
  verbs:
  - get
  - list
- nonResourceURLs:
  - /metrics
  verbs:
  - get
---
apiVersion: rbac.authorization.k8s.io/v1
kind: ClusterRole
metadata:
  annotations:
    argocd.argoproj.io/sync-options: SkipDryRunOnMissingResource=true
  labels:
    app.kubernetes.io/instance: build
    app.kubernetes.io/part-of: pipelines-as-code
    app.kubernetes.io/version: v0.15.0
    rbac.authorization.k8s.io/aggregate-to-admin: "true"
    rbac.authorization.k8s.io/aggregate-to-edit: "true"
  name: pipelines-as-code-aggregate
rules:
- apiGroups:
  - pipelinesascode.tekton.dev
  resources:
  - repositories
  verbs:
  - create
  - delete
  - deletecollection
  - get
  - list
  - patch
  - update
  - watch
---
apiVersion: rbac.authorization.k8s.io/v1
kind: ClusterRole
metadata:
  annotations:
    argocd.argoproj.io/sync-options: SkipDryRunOnMissingResource=true
  labels:
    app.kubernetes.io/component: controller
    app.kubernetes.io/instance: default
    app.kubernetes.io/part-of: tekton-chains
  name: tekton-chains-controller-cluster-access
rules:
- apiGroups:
  - ""
  resources:
  - pods
  verbs:
  - list
  - watch
- apiGroups:
  - tekton.dev
  resources:
  - tasks
  - clustertasks
  - taskruns
  - pipelines
  - pipelineruns
  - pipelineresources
  - conditions
  - runs
  verbs:
  - get
  - list
  - create
  - update
  - delete
  - patch
  - watch
- apiGroups:
  - tekton.dev
  resources:
  - taskruns/finalizers
  - pipelineruns/finalizers
  - runs/finalizers
  verbs:
  - get
  - list
  - create
  - update
  - delete
  - patch
  - watch
- apiGroups:
  - tekton.dev
  resources:
  - tasks/status
  - clustertasks/status
  - taskruns/status
  - pipelines/status
  - pipelineruns/status
  - pipelineresources/status
  - runs/status
  verbs:
  - get
  - list
  - create
  - update
  - delete
  - patch
  - watch
---
apiVersion: rbac.authorization.k8s.io/v1
kind: ClusterRole
metadata:
  annotations:
    argocd.argoproj.io/sync-options: SkipDryRunOnMissingResource=true
  labels:
    app.kubernetes.io/component: controller
    app.kubernetes.io/instance: default
    app.kubernetes.io/part-of: tekton-chains
  name: tekton-chains-controller-tenant-access
rules:
- apiGroups:
  - ""
  resources:
  - pods
  - pods/log
  - events
  - persistentvolumeclaims
  verbs:
  - get
  - list
  - create
  - update
  - delete
  - patch
  - watch
- apiGroups:
  - ""
  resources:
  - configmaps
  - limitranges
  - secrets
  - serviceaccounts
  verbs:
  - get
  - list
  - watch
- apiGroups:
  - apps
  resources:
  - statefulsets
  verbs:
  - get
  - list
  - create
  - update
  - delete
  - patch
  - watch
---
apiVersion: rbac.authorization.k8s.io/v1
kind: ClusterRole
metadata:
  annotations:
    argocd.argoproj.io/sync-options: SkipDryRunOnMissingResource=true
  name: tekton-chains-public-key-viewer
rules:
- apiGroups:
  - ""
  resourceNames:
  - public-key
  resources:
  - secrets
  verbs:
  - get
  - list
  - watch
---
apiVersion: rbac.authorization.k8s.io/v1
kind: ClusterRole
metadata:
  annotations:
    argocd.argoproj.io/sync-options: SkipDryRunOnMissingResource=true
  labels:
    app.kubernetes.io/part-of: tekton-results
    app.kubernetes.io/version: v0.4.0
  name: tekton-results-admin
rules:
- apiGroups:
  - results.tekton.dev
  resources:
  - results
  - records
  verbs:
  - create
  - update
  - get
  - list
  - delete
---
apiVersion: rbac.authorization.k8s.io/v1
kind: ClusterRole
metadata:
  annotations:
    argocd.argoproj.io/sync-options: SkipDryRunOnMissingResource=true
  labels:
    app.kubernetes.io/part-of: tekton-results
    app.kubernetes.io/version: v0.4.0
  name: tekton-results-api
rules:
- apiGroups:
  - authentication.k8s.io
  resources:
  - tokenreviews
  verbs:
  - create
- apiGroups:
  - authorization.k8s.io
  resources:
  - subjectaccessreviews
  verbs:
  - create
- apiGroups:
  - ""
  resources:
  - secrets
  verbs:
  - get
  - create
---
apiVersion: rbac.authorization.k8s.io/v1
kind: ClusterRole
metadata:
  annotations:
    argocd.argoproj.io/sync-options: SkipDryRunOnMissingResource=true
  labels:
    app.kubernetes.io/part-of: tekton-results
    app.kubernetes.io/version: v0.4.0
  name: tekton-results-readonly
rules:
- apiGroups:
  - results.tekton.dev
  resources:
  - results
  - records
  verbs:
  - get
  - list
---
apiVersion: rbac.authorization.k8s.io/v1
kind: ClusterRole
metadata:
  annotations:
    argocd.argoproj.io/sync-options: SkipDryRunOnMissingResource=true
  labels:
    app.kubernetes.io/part-of: tekton-results
    app.kubernetes.io/version: v0.4.0
  name: tekton-results-readwrite
rules:
- apiGroups:
  - results.tekton.dev
  resources:
  - results
  - records
  verbs:
  - create
  - update
  - get
  - list
---
apiVersion: rbac.authorization.k8s.io/v1
kind: ClusterRole
metadata:
  annotations:
    argocd.argoproj.io/sync-options: SkipDryRunOnMissingResource=true
  labels:
    app.kubernetes.io/part-of: tekton-results
    app.kubernetes.io/version: v0.4.0
  name: tekton-results-watcher
rules:
- apiGroups:
  - results.tekton.dev
  resources:
  - results
  - records
  verbs:
  - create
  - get
  - update
- apiGroups:
  - tekton.dev
  resources:
  - pipelineruns
  - taskruns
  verbs:
  - get
  - list
  - patch
  - update
  - watch
  - delete
- apiGroups:
  - ""
  resources:
  - configmaps
  verbs:
  - get
  - list
  - watch
- apiGroups:
  - coordination.k8s.io
  resources:
  - leases
  verbs:
  - create
  - update
  - list
  - get
  - delete
---
apiVersion: rbac.authorization.k8s.io/v1
kind: RoleBinding
metadata:
  annotations:
    argocd.argoproj.io/sync-options: SkipDryRunOnMissingResource=true
  name: chains-secret-reader
  namespace: openshift-ingress-operator
roleRef:
  apiGroup: rbac.authorization.k8s.io
  kind: Role
  name: secret-reader
subjects:
- kind: ServiceAccount
  name: chains-secrets-admin
  namespace: tekton-chains
---
apiVersion: rbac.authorization.k8s.io/v1
kind: RoleBinding
metadata:
  annotations:
    argocd.argoproj.io/sync-options: SkipDryRunOnMissingResource=true
  labels:
    app.kubernetes.io/instance: build
    app.kubernetes.io/part-of: pipelines-as-code
    app.kubernetes.io/version: v0.15.0
  name: pipelines-as-code-controller-binding
  namespace: pipelines-as-code
roleRef:
  apiGroup: rbac.authorization.k8s.io
  kind: Role
  name: pipelines-as-code-controller-role
subjects:
- kind: ServiceAccount
  name: pipelines-as-code-controller
---
apiVersion: rbac.authorization.k8s.io/v1
kind: RoleBinding
metadata:
  annotations:
    argocd.argoproj.io/sync-options: SkipDryRunOnMissingResource=true
  labels:
    app.kubernetes.io/instance: build
    app.kubernetes.io/part-of: pipelines-as-code
    app.kubernetes.io/version: v0.15.0
  name: pipelines-as-code-info
  namespace: pipelines-as-code
roleRef:
  apiGroup: rbac.authorization.k8s.io
  kind: Role
  name: pipelines-as-code-info
subjects:
- apiGroup: rbac.authorization.k8s.io
  kind: Group
  name: system:authenticated
---
apiVersion: rbac.authorization.k8s.io/v1
kind: RoleBinding
metadata:
  annotations:
    argocd.argoproj.io/sync-options: SkipDryRunOnMissingResource=true
  labels:
    app.kubernetes.io/instance: build
  name: pipelines-as-code-monitoring
  namespace: pipelines-as-code
roleRef:
  apiGroup: rbac.authorization.k8s.io
  kind: Role
  name: pipelines-as-code-monitoring
subjects:
- kind: ServiceAccount
  name: prometheus-k8s
  namespace: pipelines-as-code
---
apiVersion: rbac.authorization.k8s.io/v1
kind: RoleBinding
metadata:
  annotations:
    argocd.argoproj.io/sync-options: SkipDryRunOnMissingResource=true
  labels:
    app.kubernetes.io/instance: build
    app.kubernetes.io/part-of: pipelines-as-code
    app.kubernetes.io/version: v0.15.0
  name: pipelines-as-code-watcher-binding
  namespace: pipelines-as-code
roleRef:
  apiGroup: rbac.authorization.k8s.io
  kind: Role
  name: pipelines-as-code-watcher-role
subjects:
- kind: ServiceAccount
  name: pipelines-as-code-watcher
---
apiVersion: rbac.authorization.k8s.io/v1
kind: RoleBinding
metadata:
  annotations:
    argocd.argoproj.io/sync-options: SkipDryRunOnMissingResource=true
  labels:
    app.kubernetes.io/instance: build
    app.kubernetes.io/part-of: pipelines-as-code
    app.kubernetes.io/version: v0.15.0
  name: pipelines-as-code-webhook-binding
  namespace: pipelines-as-code
roleRef:
  apiGroup: rbac.authorization.k8s.io
  kind: Role
  name: pipelines-as-code-webhook-role
subjects:
- kind: ServiceAccount
  name: pipelines-as-code-webhook
---
apiVersion: rbac.authorization.k8s.io/v1
kind: RoleBinding
metadata:
  annotations:
    argocd.argoproj.io/sync-options: SkipDryRunOnMissingResource=true
  name: chains-secret-admin
  namespace: tekton-chains
roleRef:
  apiGroup: rbac.authorization.k8s.io
  kind: Role
  name: chains-secret-admin
subjects:
- kind: ServiceAccount
  name: chains-secrets-admin
  namespace: tekton-chains
---
apiVersion: rbac.authorization.k8s.io/v1
kind: RoleBinding
metadata:
  annotations:
    argocd.argoproj.io/sync-options: SkipDryRunOnMissingResource=true
  labels:
    app.kubernetes.io/component: controller
    app.kubernetes.io/instance: default
    app.kubernetes.io/part-of: tekton-chains
  name: tekton-chains-controller-leaderelection
  namespace: tekton-chains
roleRef:
  apiGroup: rbac.authorization.k8s.io
  kind: Role
  name: tekton-chains-leader-election
subjects:
- kind: ServiceAccount
  name: tekton-chains-controller
  namespace: tekton-chains
---
apiVersion: rbac.authorization.k8s.io/v1
kind: RoleBinding
metadata:
  annotations:
    argocd.argoproj.io/sync-options: SkipDryRunOnMissingResource=true
  name: tekton-chains-controller-shared-secrets
  namespace: tekton-chains
roleRef:
  apiGroup: rbac.authorization.k8s.io
  kind: ClusterRole
  name: globally-shared-secrets-clusterrole
subjects:
- kind: ServiceAccount
  name: tekton-chains-controller
  namespace: tekton-chains
---
apiVersion: rbac.authorization.k8s.io/v1
kind: RoleBinding
metadata:
  annotations:
    argocd.argoproj.io/sync-options: SkipDryRunOnMissingResource=true
  labels:
    app.kubernetes.io/instance: default
    app.kubernetes.io/part-of: tekton-chains
  name: tekton-chains-info
  namespace: tekton-chains
roleRef:
  apiGroup: rbac.authorization.k8s.io
  kind: Role
  name: tekton-chains-info
subjects:
- apiGroup: rbac.authorization.k8s.io
  kind: Group
  name: system:authenticated
---
apiVersion: rbac.authorization.k8s.io/v1
kind: RoleBinding
metadata:
  annotations:
    argocd.argoproj.io/sync-options: SkipDryRunOnMissingResource=true
  name: tekton-chains-public-key-viewer
  namespace: tekton-chains
roleRef:
  apiGroup: rbac.authorization.k8s.io
  kind: ClusterRole
  name: tekton-chains-public-key-viewer
subjects:
- apiGroup: rbac.authorization.k8s.io
  kind: Group
  name: system:authenticated
---
apiVersion: rbac.authorization.k8s.io/v1
kind: ClusterRoleBinding
metadata:
  annotations:
    argocd.argoproj.io/sync-options: SkipDryRunOnMissingResource=true
  labels:
    app.kubernetes.io/instance: build
    app.kubernetes.io/part-of: pipelines-as-code
    app.kubernetes.io/version: v0.15.0
  name: pipelines-as-code-controller-clusterbinding
  namespace: pipelines-as-code
roleRef:
  apiGroup: rbac.authorization.k8s.io
  kind: ClusterRole
  name: pipeline-as-code-controller-clusterrole
subjects:
- kind: ServiceAccount
  name: pipelines-as-code-controller
  namespace: pipelines-as-code
---
apiVersion: rbac.authorization.k8s.io/v1
kind: ClusterRoleBinding
metadata:
  annotations:
    argocd.argoproj.io/sync-options: SkipDryRunOnMissingResource=true
  labels:
    app.kubernetes.io/instance: build
    app.kubernetes.io/part-of: pipelines-as-code
    app.kubernetes.io/version: v0.15.0
  name: pipelines-as-code-watcher-clusterbinding
  namespace: pipelines-as-code
roleRef:
  apiGroup: rbac.authorization.k8s.io
  kind: ClusterRole
  name: pipeline-as-code-watcher-clusterrole
subjects:
- kind: ServiceAccount
  name: pipelines-as-code-watcher
  namespace: pipelines-as-code
---
apiVersion: rbac.authorization.k8s.io/v1
kind: ClusterRoleBinding
metadata:
  annotations:
    argocd.argoproj.io/sync-options: SkipDryRunOnMissingResource=true
  labels:
    app.kubernetes.io/instance: build
    app.kubernetes.io/part-of: pipelines-as-code
    app.kubernetes.io/version: v0.15.0
  name: pipelines-as-code-webhook-clusterbinding
  namespace: pipelines-as-code
roleRef:
  apiGroup: rbac.authorization.k8s.io
  kind: ClusterRole
  name: pipeline-as-code-webhook-clusterrole
subjects:
- kind: ServiceAccount
  name: pipelines-as-code-webhook
  namespace: pipelines-as-code
---
apiVersion: rbac.authorization.k8s.io/v1
kind: ClusterRoleBinding
metadata:
  annotations:
    argocd.argoproj.io/sync-options: SkipDryRunOnMissingResource=true
  name: openshift-gitops-apply-tekton-config-parameters
roleRef:
  apiGroup: rbac.authorization.k8s.io
  kind: ClusterRole
  name: openshift-gitops-apply-tekton-config-parameters
subjects:
- kind: ServiceAccount
  name: openshift-gitops-argocd-application-controller
  namespace: openshift-gitops
---
apiVersion: rbac.authorization.k8s.io/v1
kind: ClusterRoleBinding
metadata:
  annotations:
    argocd.argoproj.io/sync-options: SkipDryRunOnMissingResource=true
  labels:
    app.kubernetes.io/instance: build
  name: openshift-gitops-pipelines-as-code
roleRef:
  apiGroup: rbac.authorization.k8s.io
  kind: ClusterRole
  name: openshift-gitops-pipelines-as-code
subjects:
- kind: ServiceAccount
  name: openshift-gitops-argocd-application-controller
  namespace: openshift-gitops
---
apiVersion: rbac.authorization.k8s.io/v1
kind: ClusterRoleBinding
metadata:
  annotations:
    argocd.argoproj.io/sync-options: SkipDryRunOnMissingResource=true
  name: prometheus-pipeline-service-exporter-reader
roleRef:
  apiGroup: rbac.authorization.k8s.io
  kind: ClusterRole
  name: pipeline-service-exporter-reader
subjects:
- kind: ServiceAccount
  name: pipeline-service-exporter
  namespace: openshift-pipelines
---
apiVersion: rbac.authorization.k8s.io/v1
kind: ClusterRoleBinding
metadata:
  annotations:
    argocd.argoproj.io/sync-options: SkipDryRunOnMissingResource=true
  labels:
    app.kubernetes.io/component: controller
    app.kubernetes.io/instance: default
    app.kubernetes.io/part-of: tekton-chains
  name: tekton-chains-controller-cluster-access
roleRef:
  apiGroup: rbac.authorization.k8s.io
  kind: ClusterRole
  name: tekton-chains-controller-cluster-access
subjects:
- kind: ServiceAccount
  name: tekton-chains-controller
  namespace: tekton-chains
---
apiVersion: rbac.authorization.k8s.io/v1
kind: ClusterRoleBinding
metadata:
  annotations:
    argocd.argoproj.io/sync-options: SkipDryRunOnMissingResource=true
  labels:
    app.kubernetes.io/component: controller
    app.kubernetes.io/instance: default
    app.kubernetes.io/part-of: tekton-chains
  name: tekton-chains-controller-tenant-access
roleRef:
  apiGroup: rbac.authorization.k8s.io
  kind: ClusterRole
  name: tekton-chains-controller-tenant-access
subjects:
- kind: ServiceAccount
  name: tekton-chains-controller
  namespace: tekton-chains
---
apiVersion: rbac.authorization.k8s.io/v1
kind: ClusterRoleBinding
metadata:
  annotations:
    argocd.argoproj.io/sync-options: SkipDryRunOnMissingResource=true
  labels:
    app.kubernetes.io/part-of: tekton-results
    app.kubernetes.io/version: v0.4.0
  name: tekton-results-api
roleRef:
  apiGroup: rbac.authorization.k8s.io
  kind: ClusterRole
  name: tekton-results-api
subjects:
- kind: ServiceAccount
  name: tekton-results-api
  namespace: tekton-results
---
apiVersion: rbac.authorization.k8s.io/v1
kind: ClusterRoleBinding
metadata:
  annotations:
    argocd.argoproj.io/sync-options: SkipDryRunOnMissingResource=true
  labels:
    app.kubernetes.io/part-of: tekton-results
    app.kubernetes.io/version: v0.4.0
  name: tekton-results-watcher
roleRef:
  apiGroup: rbac.authorization.k8s.io
  kind: ClusterRole
  name: tekton-results-watcher
subjects:
- kind: ServiceAccount
  name: tekton-results-watcher
  namespace: tekton-results
---
apiVersion: v1
data:
  application-name: Pipelines as Code CI
  auto-configure-new-github-repo: "false"
  auto-configure-repo-namespace-template: ""
  bitbucket-cloud-additional-source-ip: ""
  bitbucket-cloud-check-source-ip: "true"
  default-max-keep-runs: ""
  error-detection-from-container-logs: "false"
  error-detection-max-number-of-lines: "50"
  error-detection-simple-regexp: |
    ^(?P<filename>[^:]*):(?P<line>[0-9]+):(?P<column>[0-9]+):([ ]*)?(?P<error>.*)
  error-log-snippet: "true"
  hub-catalog-name: tekton
  hub-url: https://api.hub.tekton.dev/v1
  max-keep-run-upper-limit: ""
  remote-tasks: "true"
  secret-auto-create: "true"
  secret-github-app-scope-extra-repos: ""
  secret-github-app-token-scopped: "true"
  tekton-dashboard-url: ""
kind: ConfigMap
metadata:
  annotations:
    argocd.argoproj.io/sync-options: SkipDryRunOnMissingResource=true
  labels:
    app.kubernetes.io/instance: build
    app.kubernetes.io/part-of: pipelines-as-code
    app.kubernetes.io/version: v0.15.0
  name: pipelines-as-code
  namespace: pipelines-as-code
---
apiVersion: v1
data:
  _example: |
    ################################
    #                              #
    #    EXAMPLE CONFIGURATION     #
    #                              #
    ################################
    # This block is not actually functional configuration,
    # but serves to illustrate the available configuration
    # options and document them in a way that is accessible
    # to users that `kubectl edit` this config map.
    #
    # These sample configuration options may be copied out of
    # this example block and unindented to be in the data block
    # to actually change the configuration.
    # metrics.backend-destination field specifies the system metrics destination.
    # It supports either prometheus (the default) or stackdriver.
    # Note: Using Stackdriver will incur additional charges.
    metrics.backend-destination: prometheus
    # metrics.stackdriver-project-id field specifies the Stackdriver project ID. This
    # field is optional. When running on GCE, application default credentials will be
    # used and metrics will be sent to the cluster's project if this field is
    # not provided.
    metrics.stackdriver-project-id: "<your stackdriver project id>"
    # metrics.allow-stackdriver-custom-metrics indicates whether it is allowed
    # to send metrics to Stackdriver using "global" resource type and custom
    # metric type. Setting this flag to "true" could cause extra Stackdriver
    # charge.  If metrics.backend-destination is not Stackdriver, this is
    # ignored.
    metrics.allow-stackdriver-custom-metrics: "false"
kind: ConfigMap
metadata:
  annotations:
    argocd.argoproj.io/sync-options: SkipDryRunOnMissingResource=true
  labels:
    app.kubernetes.io/instance: build
    app.kubernetes.io/part-of: pipelines-as-code
    app.kubernetes.io/version: v0.15.0
  name: pipelines-as-code-config-observability
  namespace: pipelines-as-code
---
apiVersion: v1
data:
  controller-url: ""
  provider: ""
  version: v0.15.0
kind: ConfigMap
metadata:
  annotations:
    argocd.argoproj.io/sync-options: SkipDryRunOnMissingResource=true
  labels:
    app.kubernetes.io/instance: build
    app.kubernetes.io/part-of: pipelines-as-code
    app.kubernetes.io/version: v0.15.0
  name: pipelines-as-code-info
  namespace: pipelines-as-code
---
apiVersion: v1
data:
  artifacts.oci.storage: oci
  artifacts.pipelinerun.format: in-toto
  artifacts.pipelinerun.storage: oci
  artifacts.taskrun.format: in-toto
  artifacts.taskrun.storage: oci
  transparency.enabled: "false"
kind: ConfigMap
metadata:
  annotations:
    argocd.argoproj.io/sync-options: SkipDryRunOnMissingResource=true
  labels:
    app.kubernetes.io/instance: default
    app.kubernetes.io/part-of: tekton-chains
  name: chains-config
  namespace: tekton-chains
---
apiVersion: v1
data:
  version: v0.14.0
kind: ConfigMap
metadata:
  annotations:
    argocd.argoproj.io/sync-options: SkipDryRunOnMissingResource=true
  labels:
    app.kubernetes.io/instance: default
    app.kubernetes.io/part-of: tekton-chains
  name: chains-info
  namespace: tekton-chains
---
apiVersion: v1
data:
  loglevel.controller: info
  loglevel.webhook: info
  zap-logger-config: |
    {
      "level": "info",
      "development": false,
      "sampling": {
        "initial": 100,
        "thereafter": 100
      },
      "outputPaths": ["stdout"],
      "errorOutputPaths": ["stderr"],
      "encoding": "json",
      "encoderConfig": {
        "timeKey": "ts",
        "levelKey": "level",
        "nameKey": "logger",
        "callerKey": "caller",
        "messageKey": "msg",
        "stacktraceKey": "stacktrace",
        "lineEnding": "",
        "levelEncoder": "",
        "timeEncoder": "iso8601",
        "durationEncoder": "",
        "callerEncoder": ""
      }
    }
kind: ConfigMap
metadata:
  annotations:
    argocd.argoproj.io/sync-options: SkipDryRunOnMissingResource=true
  labels:
    app.kubernetes.io/instance: default
    app.kubernetes.io/part-of: tekton-chains
  name: config-logging
  namespace: tekton-chains
---
apiVersion: v1
data:
  config: |
    DB_USER=
    DB_PASSWORD=
    DB_HOST=
    DB_PORT=5432
    DB_NAME=
    DB_SSLMODE=disable
    GRPC_PORT=50051
    REST_PORT=8080
    PROMETHEUS_PORT=9090
    TLS_HOSTNAME_OVERRIDE=
    TLS_PATH=/etc/tls
    LOG_TYPE=File
    LOG_CHUNK_SIZE=32768
    LOGS_DATA=
    S3_BUCKET_NAME=
    S3_ENDPOINT=
    S3_HOSTNAME_IMMUTABLE=false
    S3_REGION=
    S3_ACCESS_KEY_ID=
    S3_SECRET_ACCESS_KEY=
    S3_MULTI_PART_SIZE=5242880
kind: ConfigMap
metadata:
  annotations:
    argocd.argoproj.io/sync-options: SkipDryRunOnMissingResource=true
  name: tekton-results-config
  namespace: tekton-results
---
apiVersion: v1
data:
  POSTGRES_DB: tekton_results
kind: ConfigMap
metadata:
  annotations:
    argocd.argoproj.io/sync-options: SkipDryRunOnMissingResource=true
  labels:
    app.kubernetes.io/name: tekton-results-database
    app.kubernetes.io/part-of: tekton-results
    app.kubernetes.io/version: v0.4.0
  name: tekton-results-database
  namespace: tekton-results
---
apiVersion: v1
data:
  results.sql: "-- Copyright 2020 The Tekton Authors\n--\n-- Licensed under the Apache
    License, Version 2.0 (the \"License\");\n-- you may not use this file except in
    compliance with the License.\n-- You may obtain a copy of the License at\n--\n--
    \     http://www.apache.org/licenses/LICENSE-2.0\n--\n-- Unless required by applicable
    law or agreed to in writing, software\n-- distributed under the License is distributed
    on an \"AS IS\" BASIS,\n-- WITHOUT WARRANTIES OR CONDITIONS OF ANY KIND, either
    express or implied.\n-- See the License for the specific language governing permissions
    and\n-- limitations under the License.\n\nCREATE TABLE results (\n\tparent varchar(64),\n\tid
    varchar(64),\n\n\tname varchar(64),\n\tannotations jsonb,\n\n\tcreated_time timestamp
    default current_timestamp not null,\n\tupdated_time timestamp default current_timestamp
    not null,\n\t\n\tetag varchar(128),\n\n\tPRIMARY KEY(parent, id)\n);\nCREATE UNIQUE
    INDEX results_by_name ON results(parent, name);\n\nCREATE TABLE records (\n\tparent
    varchar(64),\n\tresult_id varchar(64),\n\tid varchar(64),\n\n\tresult_name varchar(64),\n\tname
    varchar(64),\n\n\ttype varchar(128),\n\tdata jsonb,\n\n\tcreated_time timestamp
    default current_timestamp not null,\n\tupdated_time timestamp default current_timestamp
    not null,\n\n\tetag varchar(128),\n\n\tPRIMARY KEY(parent, result_id, id),\n\tFOREIGN
    KEY(parent, result_id) REFERENCES results(parent, id) ON DELETE CASCADE\n);\nCREATE
    UNIQUE INDEX records_by_name ON records(parent, result_name, name);\n"
kind: ConfigMap
metadata:
  annotations:
    argocd.argoproj.io/sync-options: SkipDryRunOnMissingResource=true
  creationTimestamp: null
  labels:
    app.kubernetes.io/part-of: tekton-results
    app.kubernetes.io/version: v0.4.0
  name: tekton-results-sql-initdb-config
  namespace: tekton-results
---
apiVersion: v1
kind: Secret
metadata:
  annotations:
    argocd.argoproj.io/sync-options: SkipDryRunOnMissingResource=true
  labels:
    app.kubernetes.io/instance: build
    app.kubernetes.io/part-of: pipelines-as-code
    app.kubernetes.io/version: v0.15.0
  name: pipelines-as-code-webhook-certs
  namespace: pipelines-as-code
---
apiVersion: v1
kind: Secret
metadata:
  annotations:
    argocd.argoproj.io/sync-options: SkipDryRunOnMissingResource=true
  name: chains-ca-cert
  namespace: tekton-chains
type: Opaque
---
apiVersion: v1
kind: Service
metadata:
  annotations:
    argocd.argoproj.io/sync-options: SkipDryRunOnMissingResource=true
  labels:
    app: pipeline-metrics-exporter
  name: pipeline-metrics-exporter-service
  namespace: openshift-pipelines
spec:
  ports:
  - name: metrics
    port: 9117
    protocol: TCP
    targetPort: 9117
  selector:
    app: pipeline-metrics-exporter
---
apiVersion: v1
kind: Service
metadata:
  annotations:
    argocd.argoproj.io/sync-options: SkipDryRunOnMissingResource=true
  labels:
    app.kubernetes.io/instance: build
    app.kubernetes.io/part-of: pipelines-as-code
    app.kubernetes.io/version: v0.15.0
  name: pipelines-as-code-controller
  namespace: pipelines-as-code
spec:
  ports:
  - name: http-listener
    port: 8080
    protocol: TCP
    targetPort: 8080
  selector:
    app.kubernetes.io/component: controller
    app.kubernetes.io/instance: build
    app.kubernetes.io/name: controller
    app.kubernetes.io/part-of: pipelines-as-code
---
apiVersion: v1
kind: Service
metadata:
  annotations:
    argocd.argoproj.io/sync-options: SkipDryRunOnMissingResource=true
  labels:
    app: pipelines-as-code-watcher
    app.kubernetes.io/instance: build
    app.kubernetes.io/part-of: pipelines-as-code
    app.kubernetes.io/version: v0.15.0
  name: pipelines-as-code-watcher
  namespace: pipelines-as-code
spec:
  ports:
  - name: http-metrics
    port: 9090
    protocol: TCP
    targetPort: 9090
  selector:
    app.kubernetes.io/component: watcher
    app.kubernetes.io/instance: build
    app.kubernetes.io/name: watcher
    app.kubernetes.io/part-of: pipelines-as-code
---
apiVersion: v1
kind: Service
metadata:
  annotations:
    argocd.argoproj.io/sync-options: SkipDryRunOnMissingResource=true
  labels:
    app.kubernetes.io/instance: build
    app.kubernetes.io/part-of: pipelines-as-code
    app.kubernetes.io/version: v0.15.0
  name: pipelines-as-code-webhook
  namespace: pipelines-as-code
spec:
  ports:
  - name: https-webhook
    port: 443
    targetPort: 8443
  selector:
    app.kubernetes.io/component: webhook
    app.kubernetes.io/instance: build
    app.kubernetes.io/name: webhook
    app.kubernetes.io/part-of: pipelines-as-code
---
apiVersion: v1
kind: Service
metadata:
  annotations:
    argocd.argoproj.io/sync-options: SkipDryRunOnMissingResource=true
    service.beta.openshift.io/serving-cert-secret-name: tekton-results-tls
  labels:
    app.kubernetes.io/part-of: tekton-results
    app.kubernetes.io/version: v0.4.0
  name: tekton-results-api-service
  namespace: tekton-results
spec:
  ports:
  - name: grpc
    port: 50051
    protocol: TCP
    targetPort: 50051
  - name: prometheus
    port: 8080
    protocol: TCP
    targetPort: 8080
  selector:
    app.kubernetes.io/name: tekton-results-api
    app.kubernetes.io/part-of: tekton-results
    app.kubernetes.io/version: v0.4.0
---
apiVersion: v1
kind: Service
metadata:
  annotations:
    argocd.argoproj.io/sync-options: SkipDryRunOnMissingResource=true
  labels:
    app.kubernetes.io/name: tekton-results-database
    app.kubernetes.io/part-of: tekton-results
    app.kubernetes.io/version: v0.4.0
  name: tekton-results-database-service
  namespace: tekton-results
spec:
  ports:
  - name: postgres
    port: 5432
  selector:
    app.kubernetes.io/name: tekton-results-database
    app.kubernetes.io/part-of: tekton-results
    app.kubernetes.io/version: v0.4.0
  type: NodePort
---
apiVersion: apps/v1
kind: Deployment
metadata:
  annotations:
    argocd.argoproj.io/sync-options: SkipDryRunOnMissingResource=true
  name: pipeline-metrics-exporter
  namespace: openshift-pipelines
spec:
  replicas: 1
  selector:
    matchLabels:
      app: pipeline-metrics-exporter
  template:
    metadata:
      annotations:
        argocd.argoproj.io/sync-options: SkipDryRunOnMissingResource=true
      labels:
        app: pipeline-metrics-exporter
    spec:
      containers:
      - image: quay.io/redhat-pipeline-service/metrics-exporter:f008a14
        name: pipeline-metrics-exporter
        ports:
        - containerPort: 9117
        resources:
          limits:
            cpu: 500m
            memory: 128Mi
          requests:
            cpu: 100m
            memory: 64Mi
      restartPolicy: Always
      serviceAccountName: pipeline-service-exporter
---
apiVersion: apps/v1
kind: Deployment
metadata:
  annotations:
    argocd.argoproj.io/sync-options: SkipDryRunOnMissingResource=true
  labels:
    app.kubernetes.io/instance: build
    app.kubernetes.io/part-of: pipelines-as-code
    app.kubernetes.io/version: v0.15.0
  name: pipelines-as-code-controller
  namespace: pipelines-as-code
spec:
  replicas: 1
  selector:
    matchLabels:
      app.kubernetes.io/component: controller
      app.kubernetes.io/instance: build
      app.kubernetes.io/name: controller
      app.kubernetes.io/part-of: pipelines-as-code
  template:
    metadata:
      annotations:
        argocd.argoproj.io/sync-options: SkipDryRunOnMissingResource=true
      labels:
        app.kubernetes.io/component: controller
        app.kubernetes.io/instance: build
        app.kubernetes.io/name: controller
        app.kubernetes.io/part-of: pipelines-as-code
        app.kubernetes.io/version: v0.15.0
    spec:
      containers:
      - env:
        - name: TLS_KEY
          value: key
        - name: TLS_CERT
          value: cert
        - name: TLS_SECRET_NAME
          value: pipelines-as-code-tls-secret
        - name: SYSTEM_NAMESPACE
          valueFrom:
            fieldRef:
              fieldPath: metadata.namespace
        - name: K_METRICS_CONFIG
          value: '{"Domain":"pipelinesascode.tekton.dev/controller","Component":"controller","PrometheusPort":0,"PrometheusHost":"","ConfigMap":{}}'
        - name: K_TRACING_CONFIG
          value: '{"backend":"","debug":"false","sample-rate":"0"}'
        - name: K_SINK_TIMEOUT
          value: "30"
        image: ghcr.io/openshift-pipelines/pipelines-as-code-controller:v0.15.0
        imagePullPolicy: Always
        livenessProbe:
          failureThreshold: 3
          httpGet:
            path: /live
            port: api
            scheme: HTTP
          periodSeconds: 15
          successThreshold: 1
          timeoutSeconds: 1
        name: pac-controller
        ports:
        - containerPort: 8080
          name: api
        readinessProbe:
          failureThreshold: 3
          httpGet:
            path: /live
            port: api
            scheme: HTTP
          periodSeconds: 15
          successThreshold: 1
          timeoutSeconds: 1
        securityContext:
          allowPrivilegeEscalation: false
          capabilities:
            drop:
            - ALL
        volumeMounts:
        - mountPath: /etc/pipelines-as-code/tls
          name: tls
          readOnly: true
      securityContext:
        runAsNonRoot: true
        seccompProfile:
          type: RuntimeDefault
      serviceAccountName: pipelines-as-code-controller
      volumes:
      - name: tls
        secret:
          optional: true
          secretName: pipelines-as-code-tls-secret
---
apiVersion: apps/v1
kind: Deployment
metadata:
  annotations:
    argocd.argoproj.io/sync-options: SkipDryRunOnMissingResource=true
  labels:
    app.kubernetes.io/instance: build
    app.kubernetes.io/part-of: pipelines-as-code
    app.kubernetes.io/version: v0.15.0
  name: pipelines-as-code-watcher
  namespace: pipelines-as-code
spec:
  replicas: 1
  selector:
    matchLabels:
      app.kubernetes.io/component: watcher
      app.kubernetes.io/instance: build
      app.kubernetes.io/name: watcher
      app.kubernetes.io/part-of: pipelines-as-code
  template:
    metadata:
      annotations:
        argocd.argoproj.io/sync-options: SkipDryRunOnMissingResource=true
      labels:
        app: pipelines-as-code-watcher
        app.kubernetes.io/component: watcher
        app.kubernetes.io/instance: build
        app.kubernetes.io/name: watcher
        app.kubernetes.io/part-of: pipelines-as-code
        app.kubernetes.io/version: v0.15.0
    spec:
      containers:
      - env:
        - name: SYSTEM_NAMESPACE
          valueFrom:
            fieldRef:
              fieldPath: metadata.namespace
        - name: METRICS_DOMAIN
          value: tekton.dev/pipelinesascode
        - name: CONFIG_OBSERVABILITY_NAME
          value: pipelines-as-code-config-observability
        image: ghcr.io/openshift-pipelines/pipelines-as-code-watcher:v0.15.0
        imagePullPolicy: Always
        livenessProbe:
          httpGet:
            path: /live
            port: probes
            scheme: HTTP
          initialDelaySeconds: 5
          periodSeconds: 10
          timeoutSeconds: 5
        name: pac-watcher
        ports:
        - containerPort: 8080
          name: probes
        - containerPort: 9090
          name: metrics
        readinessProbe:
          httpGet:
            path: /live
            port: probes
            scheme: HTTP
          initialDelaySeconds: 5
          periodSeconds: 10
          timeoutSeconds: 5
        securityContext:
          allowPrivilegeEscalation: false
          capabilities:
            drop:
            - ALL
      securityContext:
        runAsNonRoot: true
        seccompProfile:
          type: RuntimeDefault
      serviceAccountName: pipelines-as-code-watcher
---
apiVersion: apps/v1
kind: Deployment
metadata:
  annotations:
    argocd.argoproj.io/sync-options: SkipDryRunOnMissingResource=true
  labels:
    app.kubernetes.io/instance: build
    app.kubernetes.io/part-of: pipelines-as-code
    app.kubernetes.io/version: v0.15.0
  name: pipelines-as-code-webhook
  namespace: pipelines-as-code
spec:
  replicas: 0
  selector:
    matchLabels:
      app.kubernetes.io/component: webhook
      app.kubernetes.io/instance: build
      app.kubernetes.io/name: webhook
      app.kubernetes.io/part-of: pipelines-as-code
  template:
    metadata:
      annotations:
        argocd.argoproj.io/sync-options: SkipDryRunOnMissingResource=true
      labels:
        app.kubernetes.io/component: webhook
        app.kubernetes.io/instance: build
        app.kubernetes.io/name: webhook
        app.kubernetes.io/part-of: pipelines-as-code
        app.kubernetes.io/version: v0.15.0
    spec:
      containers:
      - env:
        - name: SYSTEM_NAMESPACE
          valueFrom:
            fieldRef:
              fieldPath: metadata.namespace
        - name: WEBHOOK_SERVICE_NAME
          value: pipelines-as-code-webhook
        - name: WEBHOOK_SECRET_NAME
          value: pipelines-as-code-webhook-certs
        - name: METRICS_DOMAIN
          value: tekton.dev/pipelinesascode
        image: ghcr.io/openshift-pipelines/pipelines-as-code-webhook:v0.15.0
        name: pac-webhook
        ports:
        - containerPort: 8443
          name: https-webhook
        securityContext:
          allowPrivilegeEscalation: false
          capabilities:
            drop:
            - ALL
      securityContext:
        runAsNonRoot: true
        seccompProfile:
          type: RuntimeDefault
      serviceAccountName: pipelines-as-code-webhook
---
apiVersion: apps/v1
kind: Deployment
metadata:
  annotations:
    argocd.argoproj.io/sync-options: SkipDryRunOnMissingResource=true
    argocd.argoproj.io/sync-wave: "3"
  labels:
    app.kubernetes.io/component: controller
    app.kubernetes.io/instance: default
    app.kubernetes.io/name: controller
    app.kubernetes.io/part-of: tekton-chains
    pipeline.tekton.dev/release: devel
    version: v0.14.0
  name: tekton-chains-controller
  namespace: tekton-chains
spec:
  replicas: 1
  selector:
    matchLabels:
      app.kubernetes.io/component: controller
      app.kubernetes.io/instance: default
      app.kubernetes.io/name: controller
      app.kubernetes.io/part-of: tekton-chains
  template:
    metadata:
      annotations:
        argocd.argoproj.io/sync-options: SkipDryRunOnMissingResource=true
        cluster-autoscaler.kubernetes.io/safe-to-evict: "false"
      labels:
        app: tekton-chains-controller
        app.kubernetes.io/component: controller
        app.kubernetes.io/instance: default
        app.kubernetes.io/name: controller
        app.kubernetes.io/part-of: tekton-chains
        pipeline.tekton.dev/release: devel
        version: v0.14.0
    spec:
      containers:
      - env:
        - name: DOCKER_CONFIG
          value: /secret/docker-config
        - name: SYSTEM_NAMESPACE
          valueFrom:
            fieldRef:
              fieldPath: metadata.namespace
        - name: METRICS_DOMAIN
          value: tekton.dev/chains
        image: gcr.io/tekton-releases/github.com/tektoncd/chains/cmd/controller:v0.14.0@sha256:b10b5a6298fe78ffeb72b7ed69794b0e7315a952482b9bff80858bc6746cbe4f
        name: tekton-chains-controller
        securityContext:
          allowPrivilegeEscalation: false
        volumeMounts:
        - mountPath: /secret/default-push-secret
          name: default-push-secret
        - mountPath: /secret/docker-config
          name: docker-config
        - mountPath: /etc/ssl/certs
          name: chains-ca-cert
        - mountPath: /etc/signing-secrets
          name: signing-secrets
        - mountPath: /var/run/sigstore/cosign
          name: oidc-info
      initContainers:
      - command:
        - ln
        - -s
        - -f
        - /secret/default-push-secret/.dockerconfigjson
        - /secret/docker-config/config.json
        image: registry.redhat.io/ubi8:latest
        name: link-shared-secret
        volumeMounts:
        - mountPath: /secret/default-push-secret
          name: default-push-secret
        - mountPath: /secret/docker-config
          name: docker-config
      serviceAccountName: tekton-chains-controller
      volumes:
      - csi:
          driver: csi.sharedresource.openshift.io
          readOnly: true
          volumeAttributes:
            sharedSecret: redhat-appstudio-user-workload
        name: default-push-secret
      - emptyDir: {}
        name: docker-config
      - name: chains-ca-cert
        secret:
          secretName: chains-ca-cert
      - name: signing-secrets
        secret:
          secretName: signing-secrets
      - name: oidc-info
        projected:
          sources:
          - serviceAccountToken:
              audience: sigstore
              expirationSeconds: 600
              path: oidc-token
---
apiVersion: apps/v1
kind: Deployment
metadata:
  annotations:
    argocd.argoproj.io/sync-options: SkipDryRunOnMissingResource=true
  labels:
    app.kubernetes.io/name: tekton-results-api
    app.kubernetes.io/part-of: tekton-results
    app.kubernetes.io/version: v0.4.0
  name: tekton-results-api
  namespace: tekton-results
spec:
  replicas: 1
  selector:
    matchLabels:
      app.kubernetes.io/name: tekton-results-api
      app.kubernetes.io/part-of: tekton-results
      app.kubernetes.io/version: v0.4.0
  template:
    metadata:
      annotations:
        argocd.argoproj.io/sync-options: SkipDryRunOnMissingResource=true
        cluster-autoscaler.kubernetes.io/safe-to-evict: "false"
      labels:
        app.kubernetes.io/name: tekton-results-api
        app.kubernetes.io/part-of: tekton-results
        app.kubernetes.io/version: v0.4.0
    spec:
      containers:
      - env:
        - name: DB_USER
          valueFrom:
            secretKeyRef:
              key: DATABASE_USER
              name: tekton-results-database
        - name: DB_PASSWORD
          valueFrom:
            secretKeyRef:
              key: DATABASE_PASSWORD
              name: tekton-results-database
        - name: DB_PROTOCOL
          value: tcp
        - name: DB_HOST
          value: tekton-results-database-service.tekton-results.svc.cluster.local
        - name: DB_NAME
          value: tekton_results
        image: quay.io/redhat-appstudio/tekton-results-api:18f7ee98d3f95d58d061a6ccee18fbfffeeae8f7
        name: api
        resources:
          limits:
            cpu: 500m
            memory: 500Mi
          requests:
            cpu: 100m
            memory: 100Mi
        securityContext:
          allowPrivilegeEscalation: false
          capabilities:
            drop:
            - ALL
          readOnlyRootFilesystem: true
          runAsNonRoot: true
          seccompProfile:
            type: RuntimeDefault
        volumeMounts:
        - mountPath: /etc/tls
          name: tls
          readOnly: true
        - mountPath: /env
          name: config
          readOnly: true
      initContainers:
      - command:
        - /bin/bash
        - -c
        - |
          if oc get secret -n tekton-results tekton-results-database 2>&1 >/dev/null; then exit; fi
          oc create secret generic tekton-results-database \
            --namespace="tekton-results" \
            --from-literal=DATABASE_USER=tekton \
            --from-literal=DATABASE_PASSWORD=$(dd if=/dev/urandom bs=20 count=1 2>/dev/null | base64)
        image: quay.io/openshift/origin-cli:4.11
        name: create-tekton-results-database-secret
      serviceAccountName: tekton-results-api
      volumes:
      - name: tls
        secret:
          secretName: tekton-results-tls
      - configMap:
          defaultMode: 420
          name: tekton-results-config
        name: config
---
apiVersion: apps/v1
kind: Deployment
metadata:
  annotations:
    argocd.argoproj.io/sync-options: SkipDryRunOnMissingResource=true
  labels:
    app.kubernetes.io/name: tekton-results-watcher
    app.kubernetes.io/part-of: tekton-results
    app.kubernetes.io/version: v0.4.0
  name: tekton-results-watcher
  namespace: tekton-results
spec:
  replicas: 1
  selector:
    matchLabels:
      app.kubernetes.io/name: tekton-results-watcher
      app.kubernetes.io/part-of: tekton-results
      app.kubernetes.io/version: v0.4.0
  template:
    metadata:
      annotations:
        argocd.argoproj.io/sync-options: SkipDryRunOnMissingResource=true
        cluster-autoscaler.kubernetes.io/safe-to-evict: "false"
      labels:
        app.kubernetes.io/name: tekton-results-watcher
        app.kubernetes.io/part-of: tekton-results
        app.kubernetes.io/version: v0.4.0
    spec:
      containers:
      - args:
        - -api_addr
        - tekton-results-api-service.tekton-results.svc.cluster.local:50051
        - -auth_mode
        - token
        env:
        - name: SYSTEM_NAMESPACE
          valueFrom:
            fieldRef:
              fieldPath: metadata.namespace
        image: quay.io/redhat-appstudio/tekton-results-watcher:18f7ee98d3f95d58d061a6ccee18fbfffeeae8f7
        name: watcher
        resources:
          limits:
            cpu: 500m
            memory: 500Mi
          requests:
            cpu: 100m
            memory: 100Mi
        securityContext:
          allowPrivilegeEscalation: false
          capabilities:
            drop:
            - ALL
          readOnlyRootFilesystem: true
          runAsNonRoot: true
          seccompProfile:
            type: RuntimeDefault
        volumeMounts:
        - mountPath: /etc/tls
          name: tls
          readOnly: true
      serviceAccountName: tekton-results-watcher
      volumes:
      - name: tls
        secret:
          secretName: tekton-results-tls
---
apiVersion: apps/v1
kind: StatefulSet
metadata:
  annotations:
    argocd.argoproj.io/sync-options: SkipDryRunOnMissingResource=true
  labels:
    app.kubernetes.io/name: tekton-results-database
    app.kubernetes.io/part-of: tekton-results
    app.kubernetes.io/version: v0.4.0
  name: tekton-results-database
  namespace: tekton-results
spec:
  replicas: 1
  selector:
    matchLabels:
      app.kubernetes.io/name: tekton-results-database
      app.kubernetes.io/part-of: tekton-results
      app.kubernetes.io/version: v0.4.0
  serviceName: postgres
  template:
    metadata:
      annotations:
        argocd.argoproj.io/sync-options: SkipDryRunOnMissingResource=true
      labels:
        app.kubernetes.io/name: tekton-results-database
        app.kubernetes.io/part-of: tekton-results
        app.kubernetes.io/version: v0.4.0
    spec:
      containers:
      - env:
        - name: PGDATA
          value: /var/lib/postgresql/data/pgdata
        - name: POSTGRES_USER
          valueFrom:
            secretKeyRef:
              key: DATABASE_USER
              name: tekton-results-database
        - name: POSTGRES_PASSWORD
          valueFrom:
            secretKeyRef:
              key: DATABASE_PASSWORD
              name: tekton-results-database
        envFrom:
        - configMapRef:
            name: tekton-results-database
        - secretRef:
            name: tekton-results-database
        image: postgres:13.3
        name: postgres
        ports:
        - containerPort: 5432
          name: postgredb
        securityContext:
          allowPrivilegeEscalation: false
          capabilities:
            drop:
            - ALL
          runAsNonRoot: true
          seccompProfile:
            type: RuntimeDefault
        volumeMounts:
        - mountPath: /var/lib/postgresql/data
          name: postgredb
        - mountPath: /docker-entrypoint-initdb.d
          name: sql-initdb
      volumes:
      - configMap:
          name: tekton-results-sql-initdb-config
        name: sql-initdb
  volumeClaimTemplates:
  - metadata:
      labels:
        app.kubernetes.io/part-of: tekton-results
        app.kubernetes.io/version: v0.4.0
      name: postgredb
    spec:
      accessModes:
      - ReadWriteOnce
      resources:
        requests:
          storage: 1Gi
---
apiVersion: batch/v1
kind: Job
metadata:
  annotations:
    argocd.argoproj.io/sync-options: SkipDryRunOnMissingResource=true
    argocd.argoproj.io/sync-wave: "2"
  name: chains-certs-configuration
  namespace: tekton-chains
spec:
  template:
    metadata:
      annotations:
        argocd.argoproj.io/sync-options: SkipDryRunOnMissingResource=true
    spec:
      containers:
      - command:
        - /bin/bash
        - -c
        - |
          echo "Waiting for secret and configmaps to be present"
          until oc get secret chains-ca-cert -n tekton-chains &&\
            oc get cm config-trusted-cabundle -n tekton-chains &&\
            oc get cm kube-root-ca.crt -n tekton-chains
          do
            sleep 5;
          done

          # Update the chains-ca-cert secret with cluster certs, trusted-ca's and ingress cert.
          # The configmaps are injected by the Cluster Network Operator.
          # Once https://github.com/tektoncd/operator/pull/648 changes are released, we can remove/review this hook.
          echo "Build the certificate and replace secret/chains-ca-cert"
          TRUSTED_CA=$(mktemp)
          KUBE_CA=$(mktemp)
          INGRESS_CA=$(mktemp)
          oc get cm config-trusted-cabundle -n tekton-chains -o jsonpath="{.data.ca-bundle\.crt}" > $TRUSTED_CA
          oc get cm kube-root-ca.crt -n tekton-chains -o jsonpath="{.data.ca\.crt}" > $KUBE_CA
          oc get secret router-ca -n openshift-ingress-operator -o jsonpath="{.data.tls\.crt}" | base64 -d > $INGRESS_CA
          SERVICE_CA=/var/run/secrets/kubernetes.io/serviceaccount/service-ca.crt
          cat $TRUSTED_CA $KUBE_CA $INGRESS_CA $SERVICE_CA > /tmp/ca-certificates.crt
          oc create secret generic chains-ca-cert --from-file=/tmp/ca-certificates.crt --dry-run=client -o yaml -n tekton-chains | oc apply --force-conflicts --server-side=true -f -
        image: registry.redhat.io/openshift4/ose-cli:v4.11
        imagePullPolicy: Always
        name: patch-chains-certs
      dnsPolicy: ClusterFirst
      restartPolicy: OnFailure
      serviceAccount: chains-secrets-admin
      serviceAccountName: chains-secrets-admin
      terminationGracePeriodSeconds: 30
---
apiVersion: batch/v1
kind: Job
metadata:
  annotations:
    argocd.argoproj.io/sync-options: SkipDryRunOnMissingResource=true
    argocd.argoproj.io/sync-wave: "1"
  name: tekton-chains-signing-secret
  namespace: tekton-chains
spec:
  template:
    metadata:
      annotations:
        argocd.argoproj.io/sync-options: SkipDryRunOnMissingResource=true
    spec:
      containers:
      - command:
        - /bin/bash
        - -c
        - |
          cd /tmp
          # Once the key-pair has been set it's marked as immutable so it can't be updated.
          # Try to handle that nicely. The object is expected to always exist so check the data.
          SIG_KEY_DATA=$(kubectl get secret signing-secrets -n tekton-chains -o jsonpath='{.data}')
          if [[ -n $SIG_KEY_DATA ]]; then
            echo "Signing secret exists."
          else
            # To make this run conveniently without user input let's create a random password
            RANDOM_PASS=$( head -c 12 /dev/urandom | base64 )

            # Generate the key pair secret directly in the cluster.
            env COSIGN_PASSWORD=$RANDOM_PASS cosign generate-key-pair k8s://tekton-chains/signing-secrets
          fi

          # Generate/update the secret with the public key
          kubectl create secret generic public-key \
            --namespace tekton-chains \
            --from-literal=cosign.pub="$(
              cosign public-key --key k8s://tekton-chains/signing-secrets
            )" \
            --dry-run=client \
            -o yaml | kubectl apply -f -
        image: quay.io/redhat-appstudio/appstudio-utils:eb94f28fe2d7c182f15e659d0fdb66f87b0b3b6b
        imagePullPolicy: Always
        name: chains-secret-generation
      dnsPolicy: ClusterFirst
      restartPolicy: OnFailure
      serviceAccount: chains-secrets-admin
      serviceAccountName: chains-secrets-admin
      terminationGracePeriodSeconds: 30
---
apiVersion: monitoring.coreos.com/v1
kind: ServiceMonitor
metadata:
  annotations:
    argocd.argoproj.io/sync-options: SkipDryRunOnMissingResource=true
    networkoperator.openshift.io/ignore-errors: ""
  labels:
    app.kubernetes.io/instance: build
    app.kubernetes.io/part-of: pipelines-as-code
    app.kubernetes.io/version: v0.15.0
  name: pipelines-as-code-monitor
  namespace: pipelines-as-code
spec:
  endpoints:
  - interval: 10s
    port: http-metrics
  jobLabel: app
  namespaceSelector:
    matchNames:
    - pipelines-as-code
  selector:
    matchLabels:
      app: pipelines-as-code-watcher
---
apiVersion: operator.tekton.dev/v1alpha1
kind: TektonConfig
metadata:
  annotations:
    argocd.argoproj.io/sync-options: SkipDryRunOnMissingResource=true
  name: config
spec:
  addon:
    enablePipelinesAsCode: false
  pipeline:
    default-service-account: pipeline
    enable-tekton-oci-bundles: true
  profile: all
  pruner:
    keep: 10
    resources:
    - pipelinerun
    schedule: 0/2 * * * *
  targetNamespace: openshift-pipelines
---
apiVersion: operators.coreos.com/v1alpha1
kind: Subscription
metadata:
  annotations:
    argocd.argoproj.io/sync-options: SkipDryRunOnMissingResource=true
  name: openshift-pipelines-operator
  namespace: openshift-operators
spec:
  channel: pipelines-1.8
  name: openshift-pipelines-operator-rh
  source: redhat-operators
  sourceNamespace: openshift-marketplace
---
apiVersion: route.openshift.io/v1
kind: Route
metadata:
  annotations:
    argocd.argoproj.io/sync-options: SkipDryRunOnMissingResource=true
  labels:
    app.kubernetes.io/component: controller
    app.kubernetes.io/instance: build
    app.kubernetes.io/part-of: pipelines-as-code
    app.kubernetes.io/version: v0.15.0
    pipelines-as-code/route: controller
  name: pipelines-as-code-controller
  namespace: pipelines-as-code
spec:
  port:
    targetPort: http-listener
  tls:
    insecureEdgeTerminationPolicy: Redirect
    termination: edge
  to:
    kind: Service
    name: pipelines-as-code-controller
    weight: 100
  wildcardPolicy: None
---
apiVersion: route.openshift.io/v1
kind: Route
metadata:
  annotations:
    argocd.argoproj.io/sync-options: SkipDryRunOnMissingResource=true
    openshift.io/host.generated: "true"
  labels:
    app.kubernetes.io/part-of: tekton-results
    app.kubernetes.io/version: v0.4.0
  name: tekton-results
  namespace: tekton-results
spec:
  port:
    targetPort: grpc
  tls:
    insecureEdgeTerminationPolicy: Redirect
    termination: reencrypt
  to:
    kind: Service
    name: tekton-results-api-service
    weight: 100
  wildcardPolicy: None
